{"/Users/bensutherland/projects/WebDeveloperBen/pdf-render-draw/app/components/PdfEditorProvider.vue": {"path":"/Users/bensutherland/projects/WebDeveloperBen/pdf-render-draw/app/components/PdfEditorProvider.vue","statementMap":{"0":{"start":{"line":16,"column":6},"end":{"line":16,"column":null}},"1":{"start":{"line":20,"column":0},"end":{"line":20,"column":null}},"2":{"start":{"line":21,"column":0},"end":{"line":21,"column":null}},"3":{"start":{"line":22,"column":0},"end":{"line":22,"column":null}},"4":{"start":{"line":25,"column":2},"end":{"line":25,"column":null}}},"fnMap":{},"branchMap":{},"s":{"0":0,"1":0,"2":0,"3":0,"4":0},"f":{},"b":{},"meta":{"lastBranch":0,"lastFunction":0,"lastStatement":5,"seen":{"s:16:6:16:Infinity":0,"s:20:0:20:Infinity":1,"s:21:0:21:Infinity":2,"s:22:0:22:Infinity":3,"s:25:2:25:Infinity":4}}}
,"/Users/bensutherland/projects/WebDeveloperBen/pdf-render-draw/app/components/PdfPageSidebar.vue": {"path":"/Users/bensutherland/projects/WebDeveloperBen/pdf-render-draw/app/components/PdfPageSidebar.vue","statementMap":{"0":{"start":{"line":6,"column":14},"end":{"line":6,"column":null}},"1":{"start":{"line":10,"column":13},"end":{"line":10,"column":null}},"2":{"start":{"line":14,"column":6},"end":{"line":14,"column":null}},"3":{"start":{"line":17,"column":6},"end":{"line":17,"column":null}},"4":{"start":{"line":18,"column":6},"end":{"line":18,"column":null}},"5":{"start":{"line":21,"column":20},"end":{"line":21,"column":null}},"6":{"start":{"line":22,"column":20},"end":{"line":22,"column":null}},"7":{"start":{"line":25,"column":6},"end":{"line":39,"column":null}},"8":{"start":{"line":26,"column":21},"end":{"line":26,"column":null}},"9":{"start":{"line":27,"column":2},"end":{"line":27,"column":null}},"10":{"start":{"line":27,"column":19},"end":{"line":27,"column":null}},"11":{"start":{"line":29,"column":26},"end":{"line":29,"column":null}},"12":{"start":{"line":30,"column":21},"end":{"line":30,"column":null}},"13":{"start":{"line":31,"column":19},"end":{"line":31,"column":null}},"14":{"start":{"line":33,"column":26},"end":{"line":33,"column":null}},"15":{"start":{"line":34,"column":2},"end":{"line":36,"column":null}},"16":{"start":{"line":34,"column":15},"end":{"line":34,"column":27}},"17":{"start":{"line":35,"column":4},"end":{"line":35,"column":null}},"18":{"start":{"line":38,"column":2},"end":{"line":38,"column":null}},"19":{"start":{"line":42,"column":6},"end":{"line":46,"column":null}},"20":{"start":{"line":43,"column":2},"end":{"line":43,"column":null}},"21":{"start":{"line":43,"column":39},"end":{"line":43,"column":null}},"22":{"start":{"line":44,"column":20},"end":{"line":44,"column":null}},"23":{"start":{"line":45,"column":2},"end":{"line":45,"column":null}},"24":{"start":{"line":48,"column":6},"end":{"line":53,"column":null}},"25":{"start":{"line":49,"column":21},"end":{"line":49,"column":null}},"26":{"start":{"line":50,"column":2},"end":{"line":50,"column":null}},"27":{"start":{"line":50,"column":54},"end":{"line":50,"column":null}},"28":{"start":{"line":51,"column":19},"end":{"line":51,"column":null}},"29":{"start":{"line":52,"column":2},"end":{"line":52,"column":null}},"30":{"start":{"line":56,"column":2},"end":{"line":58,"column":null}},"31":{"start":{"line":57,"column":4},"end":{"line":57,"column":null}},"32":{"start":{"line":62,"column":6},"end":{"line":62,"column":null}},"33":{"start":{"line":63,"column":6},"end":{"line":63,"column":null}},"34":{"start":{"line":64,"column":6},"end":{"line":64,"column":null}},"35":{"start":{"line":67,"column":30},"end":{"line":67,"column":null}},"36":{"start":{"line":76,"column":2},"end":{"line":95,"column":null}},"37":{"start":{"line":77,"column":4},"end":{"line":77,"column":null}},"38":{"start":{"line":80,"column":19},"end":{"line":80,"column":null}},"39":{"start":{"line":81,"column":4},"end":{"line":92,"column":null}},"40":{"start":{"line":82,"column":18},"end":{"line":82,"column":null}},"41":{"start":{"line":83,"column":6},"end":{"line":87,"column":null}},"42":{"start":{"line":84,"column":8},"end":{"line":84,"column":null}},"43":{"start":{"line":85,"column":8},"end":{"line":85,"column":null}},"44":{"start":{"line":86,"column":8},"end":{"line":86,"column":null}},"45":{"start":{"line":90,"column":6},"end":{"line":90,"column":null}},"46":{"start":{"line":91,"column":6},"end":{"line":91,"column":null}},"47":{"start":{"line":94,"column":4},"end":{"line":94,"column":null}},"48":{"start":{"line":109,"column":2},"end":{"line":115,"column":null}},"49":{"start":{"line":111,"column":22},"end":{"line":111,"column":null}},"50":{"start":{"line":112,"column":4},"end":{"line":114,"column":null}},"51":{"start":{"line":113,"column":6},"end":{"line":113,"column":null}},"52":{"start":{"line":117,"column":2},"end":{"line":117,"column":null}},"53":{"start":{"line":131,"column":0},"end":{"line":179,"column":null}},"54":{"start":{"line":132,"column":23},"end":{"line":132,"column":53}},"55":{"start":{"line":134,"column":4},"end":{"line":134,"column":null}},"56":{"start":{"line":134,"column":31},"end":{"line":134,"column":null}},"57":{"start":{"line":137,"column":4},"end":{"line":137,"column":null}},"58":{"start":{"line":140,"column":26},"end":{"line":147,"column":null}},"59":{"start":{"line":142,"column":6},"end":{"line":144,"column":null}},"60":{"start":{"line":143,"column":8},"end":{"line":143,"column":null}},"61":{"start":{"line":146,"column":6},"end":{"line":146,"column":null}},"62":{"start":{"line":149,"column":4},"end":{"line":149,"column":null}},"63":{"start":{"line":149,"column":36},"end":{"line":149,"column":null}},"64":{"start":{"line":152,"column":4},"end":{"line":152,"column":null}},"65":{"start":{"line":152,"column":39},"end":{"line":152,"column":76}},"66":{"start":{"line":155,"column":27},"end":{"line":173,"column":null}},"67":{"start":{"line":156,"column":21},"end":{"line":156,"column":null}},"68":{"start":{"line":157,"column":6},"end":{"line":157,"column":null}},"69":{"start":{"line":157,"column":19},"end":{"line":157,"column":null}},"70":{"start":{"line":159,"column":6},"end":{"line":172,"column":null}},"71":{"start":{"line":160,"column":8},"end":{"line":160,"column":null}},"72":{"start":{"line":163,"column":20},"end":{"line":163,"column":null}},"73":{"start":{"line":164,"column":8},"end":{"line":167,"column":null}},"74":{"start":{"line":165,"column":28},"end":{"line":165,"column":null}},"75":{"start":{"line":166,"column":10},"end":{"line":166,"column":null}},"76":{"start":{"line":169,"column":8},"end":{"line":169,"column":null}},"77":{"start":{"line":171,"column":8},"end":{"line":171,"column":null}},"78":{"start":{"line":176,"column":4},"end":{"line":176,"column":null}},"79":{"start":{"line":182,"column":0},"end":{"line":188,"column":null}},"80":{"start":{"line":183,"column":8},"end":{"line":183,"column":null}},"81":{"start":{"line":185,"column":4},"end":{"line":185,"column":null}},"82":{"start":{"line":186,"column":4},"end":{"line":186,"column":null}},"83":{"start":{"line":191,"column":2},"end":{"line":214,"column":null}},"84":{"start":{"line":192,"column":17},"end":{"line":192,"column":null}},"85":{"start":{"line":195,"column":25},"end":{"line":195,"column":null}},"86":{"start":{"line":196,"column":21},"end":{"line":196,"column":null}},"87":{"start":{"line":197,"column":18},"end":{"line":197,"column":null}},"88":{"start":{"line":199,"column":27},"end":{"line":199,"column":null}},"89":{"start":{"line":201,"column":4},"end":{"line":201,"column":null}},"90":{"start":{"line":202,"column":4},"end":{"line":202,"column":null}},"91":{"start":{"line":204,"column":20},"end":{"line":204,"column":null}},"92":{"start":{"line":205,"column":4},"end":{"line":205,"column":null}},"93":{"start":{"line":205,"column":18},"end":{"line":205,"column":null}},"94":{"start":{"line":207,"column":4},"end":{"line":211,"column":null}},"95":{"start":{"line":213,"column":4},"end":{"line":213,"column":null}},"96":{"start":{"line":218,"column":2},"end":{"line":218,"column":null}},"97":{"start":{"line":222,"column":2},"end":{"line":222,"column":null}},"98":{"start":{"line":222,"column":33},"end":{"line":222,"column":null}},"99":{"start":{"line":224,"column":8},"end":{"line":224,"column":null}},"100":{"start":{"line":225,"column":2},"end":{"line":228,"column":null}},"101":{"start":{"line":232,"column":0},"end":{"line":241,"column":null}},"102":{"start":{"line":233,"column":8},"end":{"line":233,"column":null}},"103":{"start":{"line":235,"column":4},"end":{"line":239,"column":null}},"104":{"start":{"line":236,"column":6},"end":{"line":238,"column":null}},"105":{"start":{"line":237,"column":8},"end":{"line":237,"column":null}},"106":{"start":{"line":246,"column":9},"end":{"line":246,"column":null}},"107":{"start":{"line":264,"column":13},"end":{"line":264,"column":null}},"108":{"start":{"line":265,"column":15},"end":{"line":265,"column":null}},"109":{"start":{"line":269,"column":15},"end":{"line":269,"column":34}},"110":{"start":{"line":248,"column":62},"end":{"line":248,"column":77}},"111":{"start":{"line":262,"column":16},"end":{"line":262,"column":null}},"112":{"start":{"line":266,"column":34},"end":{"line":266,"column":79}}},"fnMap":{"0":{"name":"(anonymous_0)","decl":{"start":{"line":25,"column":30},"end":{"line":25,"column":36}},"loc":{"start":{"line":25,"column":36},"end":{"line":39,"column":1}},"line":25},"1":{"name":"(anonymous_1)","decl":{"start":{"line":42,"column":30},"end":{"line":42,"column":36}},"loc":{"start":{"line":42,"column":36},"end":{"line":46,"column":1}},"line":42},"2":{"name":"(anonymous_2)","decl":{"start":{"line":48,"column":29},"end":{"line":48,"column":35}},"loc":{"start":{"line":48,"column":35},"end":{"line":53,"column":1}},"line":48},"3":{"name":"handleScroll","decl":{"start":{"line":55,"column":9},"end":{"line":55,"column":24}},"loc":{"start":{"line":55,"column":24},"end":{"line":59,"column":null}},"line":55},"4":{"name":"setCanvasRef","decl":{"start":{"line":75,"column":9},"end":{"line":75,"column":22}},"loc":{"start":{"line":75,"column":69},"end":{"line":96,"column":null}},"line":75},"5":{"name":"cacheThumbnail","decl":{"start":{"line":107,"column":9},"end":{"line":107,"column":24}},"loc":{"start":{"line":107,"column":63},"end":{"line":118,"column":null}},"line":107},"6":{"name":"(anonymous_6)","decl":{"start":{"line":132,"column":17},"end":{"line":132,"column":23}},"loc":{"start":{"line":132,"column":23},"end":{"line":132,"column":53}},"line":132},"7":{"name":"(anonymous_7)","decl":{"start":{"line":133,"column":2},"end":{"line":133,"column":9}},"loc":{"start":{"line":133,"column":26},"end":{"line":177,"column":null}},"line":133},"8":{"name":"(anonymous_8)","decl":{"start":{"line":140,"column":39},"end":{"line":140,"column":40}},"loc":{"start":{"line":140,"column":52},"end":{"line":147,"column":5}},"line":140},"9":{"name":"(anonymous_9)","decl":{"start":{"line":152,"column":26},"end":{"line":152,"column":27}},"loc":{"start":{"line":152,"column":39},"end":{"line":152,"column":76}},"line":152},"10":{"name":"(anonymous_10)","decl":{"start":{"line":155,"column":45},"end":{"line":155,"column":52}},"loc":{"start":{"line":155,"column":64},"end":{"line":173,"column":5}},"line":155},"11":{"name":"(anonymous_11)","decl":{"start":{"line":183,"column":2},"end":{"line":183,"column":8}},"loc":{"start":{"line":183,"column":8},"end":{"line":183,"column":null}},"line":183},"12":{"name":"(anonymous_12)","decl":{"start":{"line":184,"column":2},"end":{"line":184,"column":8}},"loc":{"start":{"line":184,"column":8},"end":{"line":187,"column":null}},"line":184},"13":{"name":"renderThumbnail","decl":{"start":{"line":190,"column":15},"end":{"line":190,"column":31}},"loc":{"start":{"line":190,"column":98},"end":{"line":215,"column":null}},"line":190},"14":{"name":"navigateToPage","decl":{"start":{"line":217,"column":9},"end":{"line":217,"column":24}},"loc":{"start":{"line":217,"column":41},"end":{"line":219,"column":null}},"line":217},"15":{"name":"scrollToPage","decl":{"start":{"line":221,"column":9},"end":{"line":221,"column":22}},"loc":{"start":{"line":221,"column":39},"end":{"line":229,"column":null}},"line":221},"16":{"name":"(anonymous_16)","decl":{"start":{"line":233,"column":2},"end":{"line":233,"column":8}},"loc":{"start":{"line":233,"column":8},"end":{"line":233,"column":null}},"line":233},"17":{"name":"(anonymous_17)","decl":{"start":{"line":234,"column":2},"end":{"line":234,"column":3}},"loc":{"start":{"line":234,"column":14},"end":{"line":240,"column":null}},"line":234},"18":{"name":"(anonymous_18)","decl":{"start":{"line":236,"column":15},"end":{"line":236,"column":21}},"loc":{"start":{"line":236,"column":21},"end":{"line":238,"column":7}},"line":236},"19":{"name":"(anonymous_19)","decl":{"start":{"line":248,"column":60},"end":{"line":248,"column":62}},"loc":{"start":{"line":248,"column":62},"end":{"line":248,"column":77}},"line":248},"20":{"name":"(anonymous_20)","decl":{"start":{"line":262,"column":14},"end":{"line":262,"column":16}},"loc":{"start":{"line":262,"column":16},"end":{"line":262,"column":null}},"line":262},"21":{"name":"(anonymous_21)","decl":{"start":{"line":266,"column":24},"end":{"line":266,"column":27}},"loc":{"start":{"line":266,"column":34},"end":{"line":266,"column":79}},"line":266}},"branchMap":{"0":{"loc":{"start":{"line":27,"column":2},"end":{"line":27,"column":null}},"type":"if","locations":[{"start":{"line":27,"column":2},"end":{"line":27,"column":null}},{"start":{},"end":{}}],"line":27},"1":{"loc":{"start":{"line":29,"column":26},"end":{"line":29,"column":null}},"type":"binary-expr","locations":[{"start":{"line":29,"column":26},"end":{"line":29,"column":68}},{"start":{"line":29,"column":68},"end":{"line":29,"column":null}}],"line":29},"2":{"loc":{"start":{"line":43,"column":2},"end":{"line":43,"column":null}},"type":"if","locations":[{"start":{"line":43,"column":2},"end":{"line":43,"column":null}},{"start":{},"end":{}}],"line":43},"3":{"loc":{"start":{"line":45,"column":9},"end":{"line":45,"column":null}},"type":"cond-expr","locations":[{"start":{"line":45,"column":9},"end":{"line":45,"column":53}},{"start":{"line":45,"column":53},"end":{"line":45,"column":null}}],"line":45},"4":{"loc":{"start":{"line":50,"column":2},"end":{"line":50,"column":null}},"type":"if","locations":[{"start":{"line":50,"column":2},"end":{"line":50,"column":null}},{"start":{},"end":{}}],"line":50},"5":{"loc":{"start":{"line":50,"column":6},"end":{"line":50,"column":54}},"type":"binary-expr","locations":[{"start":{"line":50,"column":6},"end":{"line":50,"column":21}},{"start":{"line":50,"column":21},"end":{"line":50,"column":54}}],"line":50},"6":{"loc":{"start":{"line":52,"column":9},"end":{"line":52,"column":null}},"type":"cond-expr","locations":[{"start":{"line":52,"column":9},"end":{"line":52,"column":60}},{"start":{"line":52,"column":60},"end":{"line":52,"column":null}}],"line":52},"7":{"loc":{"start":{"line":56,"column":2},"end":{"line":58,"column":null}},"type":"if","locations":[{"start":{"line":56,"column":2},"end":{"line":58,"column":null}},{"start":{},"end":{}}],"line":56},"8":{"loc":{"start":{"line":76,"column":2},"end":{"line":95,"column":null}},"type":"if","locations":[{"start":{"line":76,"column":2},"end":{"line":95,"column":null}},{"start":{"line":93,"column":9},"end":{"line":95,"column":null}}],"line":76},"9":{"loc":{"start":{"line":81,"column":4},"end":{"line":92,"column":null}},"type":"if","locations":[{"start":{"line":81,"column":4},"end":{"line":92,"column":null}},{"start":{},"end":{}}],"line":81},"10":{"loc":{"start":{"line":83,"column":6},"end":{"line":87,"column":null}},"type":"if","locations":[{"start":{"line":83,"column":6},"end":{"line":87,"column":null}},{"start":{},"end":{}}],"line":83},"11":{"loc":{"start":{"line":109,"column":2},"end":{"line":115,"column":null}},"type":"if","locations":[{"start":{"line":109,"column":2},"end":{"line":115,"column":null}},{"start":{},"end":{}}],"line":109},"12":{"loc":{"start":{"line":112,"column":4},"end":{"line":114,"column":null}},"type":"if","locations":[{"start":{"line":112,"column":4},"end":{"line":114,"column":null}},{"start":{},"end":{}}],"line":112},"13":{"loc":{"start":{"line":134,"column":4},"end":{"line":134,"column":null}},"type":"if","locations":[{"start":{"line":134,"column":4},"end":{"line":134,"column":null}},{"start":{},"end":{}}],"line":134},"14":{"loc":{"start":{"line":134,"column":8},"end":{"line":134,"column":31}},"type":"binary-expr","locations":[{"start":{"line":134,"column":8},"end":{"line":134,"column":16}},{"start":{"line":134,"column":16},"end":{"line":134,"column":31}}],"line":134},"15":{"loc":{"start":{"line":142,"column":6},"end":{"line":144,"column":null}},"type":"if","locations":[{"start":{"line":142,"column":6},"end":{"line":144,"column":null}},{"start":{},"end":{}}],"line":142},"16":{"loc":{"start":{"line":142,"column":10},"end":{"line":142,"column":90}},"type":"binary-expr","locations":[{"start":{"line":142,"column":10},"end":{"line":142,"column":51}},{"start":{"line":142,"column":51},"end":{"line":142,"column":90}}],"line":142},"17":{"loc":{"start":{"line":149,"column":4},"end":{"line":149,"column":null}},"type":"if","locations":[{"start":{"line":149,"column":4},"end":{"line":149,"column":null}},{"start":{},"end":{}}],"line":149},"18":{"loc":{"start":{"line":157,"column":6},"end":{"line":157,"column":null}},"type":"if","locations":[{"start":{"line":157,"column":6},"end":{"line":157,"column":null}},{"start":{},"end":{}}],"line":157},"19":{"loc":{"start":{"line":164,"column":8},"end":{"line":167,"column":null}},"type":"if","locations":[{"start":{"line":164,"column":8},"end":{"line":167,"column":null}},{"start":{},"end":{}}],"line":164},"20":{"loc":{"start":{"line":205,"column":4},"end":{"line":205,"column":null}},"type":"if","locations":[{"start":{"line":205,"column":4},"end":{"line":205,"column":null}},{"start":{},"end":{}}],"line":205},"21":{"loc":{"start":{"line":222,"column":2},"end":{"line":222,"column":null}},"type":"if","locations":[{"start":{"line":222,"column":2},"end":{"line":222,"column":null}},{"start":{},"end":{}}],"line":222},"22":{"loc":{"start":{"line":235,"column":4},"end":{"line":239,"column":null}},"type":"if","locations":[{"start":{"line":235,"column":4},"end":{"line":239,"column":null}},{"start":{},"end":{}}],"line":235},"23":{"loc":{"start":{"line":235,"column":8},"end":{"line":235,"column":51}},"type":"binary-expr","locations":[{"start":{"line":235,"column":8},"end":{"line":235,"column":18}},{"start":{"line":235,"column":18},"end":{"line":235,"column":51}}],"line":235},"24":{"loc":{"start":{"line":249,"column":10},"end":{"line":247,"column":20}},"type":"binary-expr","locations":[{"start":{"line":249,"column":10},"end":{"line":249,"column":null}},{"start":{"line":249,"column":10},"end":{"line":247,"column":20}}],"line":249},"25":{"loc":{"start":{"line":248,"column":60},"end":{"line":248,"column":77}},"type":"binary-expr","locations":[{"start":{"line":248,"column":60},"end":{"line":248,"column":62}},{"start":{"line":248,"column":60},"end":{"line":248,"column":77}}],"line":248}},"s":{"0":0,"1":0,"2":0,"3":0,"4":0,"5":0,"6":0,"7":0,"8":0,"9":0,"10":0,"11":0,"12":0,"13":0,"14":0,"15":0,"16":0,"17":0,"18":0,"19":0,"20":0,"21":0,"22":0,"23":0,"24":0,"25":0,"26":0,"27":0,"28":0,"29":0,"30":0,"31":0,"32":0,"33":0,"34":0,"35":0,"36":0,"37":0,"38":0,"39":0,"40":0,"41":0,"42":0,"43":0,"44":0,"45":0,"46":0,"47":0,"48":0,"49":0,"50":0,"51":0,"52":0,"53":0,"54":0,"55":0,"56":0,"57":0,"58":0,"59":0,"60":0,"61":0,"62":0,"63":0,"64":0,"65":0,"66":0,"67":0,"68":0,"69":0,"70":0,"71":0,"72":0,"73":0,"74":0,"75":0,"76":0,"77":0,"78":0,"79":0,"80":0,"81":0,"82":0,"83":0,"84":0,"85":0,"86":0,"87":0,"88":0,"89":0,"90":0,"91":0,"92":0,"93":0,"94":0,"95":0,"96":0,"97":0,"98":0,"99":0,"100":0,"101":0,"102":0,"103":0,"104":0,"105":0,"106":1,"107":1,"108":1,"109":1,"110":0,"111":0,"112":0},"f":{"0":0,"1":0,"2":0,"3":0,"4":0,"5":0,"6":0,"7":0,"8":0,"9":0,"10":0,"11":0,"12":0,"13":0,"14":0,"15":0,"16":0,"17":0,"18":0,"19":0,"20":0,"21":0},"b":{"0":[0,0],"1":[0,0],"2":[0,0],"3":[0,0],"4":[0,0],"5":[0,0],"6":[0,0],"7":[0,0],"8":[0,0],"9":[0,0],"10":[0,0],"11":[0,0],"12":[0,0],"13":[0,0],"14":[0,0],"15":[0,0],"16":[0,0],"17":[0,0],"18":[0,0],"19":[0,0],"20":[0,0],"21":[0,0],"22":[0,0],"23":[0,0],"24":[0,0],"25":[0,0]},"meta":{"lastBranch":0,"lastFunction":0,"lastStatement":0,"seen":{}}}
,"/Users/bensutherland/projects/WebDeveloperBen/pdf-render-draw/app/components/RotationWheel.vue": {"path":"/Users/bensutherland/projects/WebDeveloperBen/pdf-render-draw/app/components/RotationWheel.vue","statementMap":{"0":{"start":{"line":17,"column":22},"end":{"line":17,"column":null}},"1":{"start":{"line":2,"column":6},"end":{"line":2,"column":null}},"2":{"start":{"line":4,"column":6},"end":{"line":4,"column":null}},"3":{"start":{"line":5,"column":6},"end":{"line":5,"column":null}},"4":{"start":{"line":6,"column":6},"end":{"line":6,"column":null}},"5":{"start":{"line":7,"column":6},"end":{"line":7,"column":null}},"6":{"start":{"line":8,"column":6},"end":{"line":8,"column":null}},"7":{"start":{"line":9,"column":6},"end":{"line":9,"column":null}},"8":{"start":{"line":12,"column":0},"end":{"line":12,"column":null}},"9":{"start":{"line":13,"column":0},"end":{"line":13,"column":null}},"10":{"start":{"line":16,"column":19},"end":{"line":16,"column":null}},"11":{"start":{"line":19,"column":6},"end":{"line":22,"column":null}},"12":{"start":{"line":19,"column":35},"end":{"line":22,"column":2}},"13":{"start":{"line":26,"column":15},"end":{"line":26,"column":null}},"14":{"start":{"line":27,"column":2},"end":{"line":27,"column":null}},"15":{"start":{"line":32,"column":17},"end":{"line":32,"column":null}},"16":{"start":{"line":33,"column":21},"end":{"line":33,"column":null}},"17":{"start":{"line":34,"column":19},"end":{"line":34,"column":null}},"18":{"start":{"line":36,"column":16},"end":{"line":36,"column":null}},"19":{"start":{"line":37,"column":14},"end":{"line":37,"column":null}},"20":{"start":{"line":39,"column":23},"end":{"line":39,"column":null}},"21":{"start":{"line":41,"column":2},"end":{"line":41,"column":null}},"22":{"start":{"line":45,"column":8},"end":{"line":45,"column":null}},"23":{"start":{"line":46,"column":2},"end":{"line":49,"column":null}},"24":{"start":{"line":54,"column":2},"end":{"line":54,"column":null}},"25":{"start":{"line":55,"column":2},"end":{"line":55,"column":null}},"26":{"start":{"line":56,"column":2},"end":{"line":56,"column":null}},"27":{"start":{"line":57,"column":2},"end":{"line":57,"column":null}},"28":{"start":{"line":62,"column":2},"end":{"line":62,"column":null}},"29":{"start":{"line":63,"column":2},"end":{"line":63,"column":null}},"30":{"start":{"line":68,"column":18},"end":{"line":68,"column":null}},"31":{"start":{"line":69,"column":18},"end":{"line":69,"column":null}},"32":{"start":{"line":71,"column":17},"end":{"line":71,"column":null}},"33":{"start":{"line":72,"column":17},"end":{"line":72,"column":null}},"34":{"start":{"line":76,"column":14},"end":{"line":76,"column":null}},"35":{"start":{"line":79,"column":2},"end":{"line":79,"column":null}},"36":{"start":{"line":79,"column":17},"end":{"line":79,"column":null}},"37":{"start":{"line":81,"column":2},"end":{"line":81,"column":null}},"38":{"start":{"line":86,"column":2},"end":{"line":91,"column":null}},"39":{"start":{"line":87,"column":17},"end":{"line":87,"column":null}},"40":{"start":{"line":88,"column":4},"end":{"line":90,"column":null}},"41":{"start":{"line":89,"column":6},"end":{"line":89,"column":null}},"42":{"start":{"line":92,"column":2},"end":{"line":92,"column":null}},"43":{"start":{"line":98,"column":2},"end":{"line":98,"column":null}},"44":{"start":{"line":98,"column":22},"end":{"line":98,"column":null}},"45":{"start":{"line":100,"column":2},"end":{"line":100,"column":null}},"46":{"start":{"line":101,"column":2},"end":{"line":101,"column":null}},"47":{"start":{"line":102,"column":2},"end":{"line":102,"column":null}},"48":{"start":{"line":106,"column":21},"end":{"line":106,"column":null}},"49":{"start":{"line":107,"column":2},"end":{"line":107,"column":null}},"50":{"start":{"line":112,"column":2},"end":{"line":112,"column":null}},"51":{"start":{"line":112,"column":51},"end":{"line":112,"column":null}},"52":{"start":{"line":115,"column":14},"end":{"line":115,"column":null}},"53":{"start":{"line":118,"column":2},"end":{"line":118,"column":null}},"54":{"start":{"line":121,"column":2},"end":{"line":121,"column":null}},"55":{"start":{"line":124,"column":2},"end":{"line":124,"column":null}},"56":{"start":{"line":125,"column":2},"end":{"line":125,"column":null}},"57":{"start":{"line":126,"column":2},"end":{"line":126,"column":null}},"58":{"start":{"line":131,"column":2},"end":{"line":131,"column":null}},"59":{"start":{"line":135,"column":0},"end":{"line":138,"column":null}},"60":{"start":{"line":169,"column":8},"end":{"line":177,"column":null}}},"fnMap":{"0":{"name":"(anonymous_0)","decl":{"start":{"line":19,"column":28},"end":{"line":19,"column":35}},"loc":{"start":{"line":19,"column":35},"end":{"line":22,"column":2}},"line":19},"1":{"name":"isNearSnap","decl":{"start":{"line":25,"column":9},"end":{"line":25,"column":20}},"loc":{"start":{"line":25,"column":48},"end":{"line":28,"column":null}},"line":25},"2":{"name":"getArcPath","decl":{"start":{"line":31,"column":9},"end":{"line":31,"column":30}},"loc":{"start":{"line":31,"column":30},"end":{"line":42,"column":null}},"line":31},"3":{"name":"polarToCartesian","decl":{"start":{"line":44,"column":9},"end":{"line":44,"column":26}},"loc":{"start":{"line":44,"column":100},"end":{"line":50,"column":null}},"line":44},"4":{"name":"showWheel","decl":{"start":{"line":53,"column":9},"end":{"line":53,"column":19}},"loc":{"start":{"line":53,"column":41},"end":{"line":58,"column":null}},"line":53},"5":{"name":"hideWheel","decl":{"start":{"line":61,"column":9},"end":{"line":61,"column":21}},"loc":{"start":{"line":61,"column":21},"end":{"line":64,"column":null}},"line":61},"6":{"name":"calculateAngle","decl":{"start":{"line":67,"column":9},"end":{"line":67,"column":24}},"loc":{"start":{"line":67,"column":64},"end":{"line":82,"column":null}},"line":67},"7":{"name":"applySnap","decl":{"start":{"line":85,"column":9},"end":{"line":85,"column":19}},"loc":{"start":{"line":85,"column":42},"end":{"line":93,"column":null}},"line":85},"8":{"name":"startDrag","decl":{"start":{"line":96,"column":9},"end":{"line":96,"column":19}},"loc":{"start":{"line":96,"column":34},"end":{"line":108,"column":null}},"line":96},"9":{"name":"updateRotation","decl":{"start":{"line":111,"column":9},"end":{"line":111,"column":24}},"loc":{"start":{"line":111,"column":39},"end":{"line":127,"column":null}},"line":111},"10":{"name":"stopDrag","decl":{"start":{"line":130,"column":9},"end":{"line":130,"column":20}},"loc":{"start":{"line":130,"column":20},"end":{"line":132,"column":null}},"line":130}},"branchMap":{"0":{"loc":{"start":{"line":27,"column":9},"end":{"line":27,"column":null}},"type":"binary-expr","locations":[{"start":{"line":27,"column":9},"end":{"line":27,"column":33}},{"start":{"line":27,"column":33},"end":{"line":27,"column":null}}],"line":27},"1":{"loc":{"start":{"line":39,"column":23},"end":{"line":39,"column":null}},"type":"cond-expr","locations":[{"start":{"line":39,"column":54},"end":{"line":39,"column":60}},{"start":{"line":39,"column":60},"end":{"line":39,"column":null}}],"line":39},"2":{"loc":{"start":{"line":79,"column":2},"end":{"line":79,"column":null}},"type":"if","locations":[{"start":{"line":79,"column":2},"end":{"line":79,"column":null}},{"start":{},"end":{}}],"line":79},"3":{"loc":{"start":{"line":88,"column":4},"end":{"line":90,"column":null}},"type":"if","locations":[{"start":{"line":88,"column":4},"end":{"line":90,"column":null}},{"start":{},"end":{}}],"line":88},"4":{"loc":{"start":{"line":88,"column":8},"end":{"line":88,"column":60}},"type":"binary-expr","locations":[{"start":{"line":88,"column":8},"end":{"line":88,"column":32}},{"start":{"line":88,"column":32},"end":{"line":88,"column":60}}],"line":88},"5":{"loc":{"start":{"line":98,"column":2},"end":{"line":98,"column":null}},"type":"if","locations":[{"start":{"line":98,"column":2},"end":{"line":98,"column":null}},{"start":{},"end":{}}],"line":98},"6":{"loc":{"start":{"line":112,"column":2},"end":{"line":112,"column":null}},"type":"if","locations":[{"start":{"line":112,"column":2},"end":{"line":112,"column":null}},{"start":{},"end":{}}],"line":112},"7":{"loc":{"start":{"line":112,"column":6},"end":{"line":112,"column":51}},"type":"binary-expr","locations":[{"start":{"line":112,"column":6},"end":{"line":112,"column":27}},{"start":{"line":112,"column":27},"end":{"line":112,"column":51}}],"line":112},"8":{"loc":{"start":{"line":151,"column":16},"end":{"line":157,"column":null}},"type":"cond-expr","locations":[{"start":{"line":151,"column":31},"end":{"line":157,"column":null}},{"start":{"line":157,"column":16},"end":{"line":157,"column":null}}],"line":151},"9":{"loc":{"start":{"line":174,"column":14},"end":{"line":174,"column":null}},"type":"cond-expr","locations":[{"start":{"line":174,"column":30},"end":{"line":174,"column":null}},{"start":{"line":174,"column":30},"end":{"line":174,"column":null}}],"line":174},"10":{"loc":{"start":{"line":175,"column":17},"end":{"line":175,"column":null}},"type":"cond-expr","locations":[{"start":{"line":175,"column":33},"end":{"line":175,"column":null}},{"start":{"line":175,"column":33},"end":{"line":175,"column":null}}],"line":175}},"s":{"0":1,"1":0,"2":0,"3":0,"4":0,"5":0,"6":0,"7":0,"8":0,"9":0,"10":0,"11":0,"12":0,"13":0,"14":0,"15":0,"16":0,"17":0,"18":0,"19":0,"20":0,"21":0,"22":0,"23":0,"24":0,"25":0,"26":0,"27":0,"28":0,"29":0,"30":0,"31":0,"32":0,"33":0,"34":0,"35":0,"36":0,"37":0,"38":0,"39":0,"40":0,"41":0,"42":0,"43":0,"44":0,"45":0,"46":0,"47":0,"48":0,"49":0,"50":0,"51":0,"52":0,"53":0,"54":0,"55":0,"56":0,"57":0,"58":0,"59":0,"60":0},"f":{"0":0,"1":0,"2":0,"3":0,"4":0,"5":0,"6":0,"7":0,"8":0,"9":0,"10":0},"b":{"0":[0,0],"1":[0,0],"2":[0,0],"3":[0,0],"4":[0,0],"5":[0,0],"6":[0,0],"7":[0,0],"8":[0,0],"9":[0,0],"10":[0,0]},"meta":{"lastBranch":0,"lastFunction":0,"lastStatement":0,"seen":{}}}
,"/Users/bensutherland/projects/WebDeveloperBen/pdf-render-draw/app/components/SimplePdfViewer.vue": {"path":"/Users/bensutherland/projects/WebDeveloperBen/pdf-render-draw/app/components/SimplePdfViewer.vue","statementMap":{"0":{"start":{"line":10,"column":14},"end":{"line":10,"column":null}},"1":{"start":{"line":14,"column":6},"end":{"line":14,"column":null}},"2":{"start":{"line":15,"column":6},"end":{"line":15,"column":null}},"3":{"start":{"line":18,"column":6},"end":{"line":18,"column":null}},"4":{"start":{"line":19,"column":6},"end":{"line":19,"column":null}},"5":{"start":{"line":20,"column":6},"end":{"line":20,"column":null}},"6":{"start":{"line":23,"column":6},"end":{"line":23,"column":null}},"7":{"start":{"line":24,"column":6},"end":{"line":24,"column":null}},"8":{"start":{"line":26,"column":6},"end":{"line":41,"column":null}},"9":{"start":{"line":27,"column":16},"end":{"line":35,"column":null}},"10":{"start":{"line":36,"column":2},"end":{"line":39,"column":null}},"11":{"start":{"line":40,"column":2},"end":{"line":40,"column":null}},"12":{"start":{"line":44,"column":2},"end":{"line":50,"column":null}},"13":{"start":{"line":52,"column":2},"end":{"line":55,"column":null}},"14":{"start":{"line":53,"column":4},"end":{"line":53,"column":null}},"15":{"start":{"line":54,"column":4},"end":{"line":54,"column":null}},"16":{"start":{"line":58,"column":2},"end":{"line":69,"column":null}},"17":{"start":{"line":59,"column":4},"end":{"line":59,"column":null}},"18":{"start":{"line":60,"column":4},"end":{"line":60,"column":null}},"19":{"start":{"line":62,"column":4},"end":{"line":68,"column":null}},"20":{"start":{"line":63,"column":6},"end":{"line":67,"column":null}},"21":{"start":{"line":64,"column":8},"end":{"line":64,"column":null}},"22":{"start":{"line":66,"column":8},"end":{"line":66,"column":null}},"23":{"start":{"line":72,"column":2},"end":{"line":72,"column":null}},"24":{"start":{"line":73,"column":17},"end":{"line":73,"column":null}},"25":{"start":{"line":76,"column":2},"end":{"line":76,"column":null}},"26":{"start":{"line":79,"column":2},"end":{"line":79,"column":null}},"27":{"start":{"line":81,"column":2},"end":{"line":204,"column":null}},"28":{"start":{"line":82,"column":4},"end":{"line":82,"column":null}},"29":{"start":{"line":83,"column":19},"end":{"line":83,"column":null}},"30":{"start":{"line":86,"column":4},"end":{"line":89,"column":null}},"31":{"start":{"line":87,"column":6},"end":{"line":87,"column":null}},"32":{"start":{"line":88,"column":6},"end":{"line":88,"column":null}},"33":{"start":{"line":91,"column":4},"end":{"line":91,"column":null}},"34":{"start":{"line":92,"column":17},"end":{"line":92,"column":null}},"35":{"start":{"line":95,"column":4},"end":{"line":98,"column":null}},"36":{"start":{"line":96,"column":6},"end":{"line":96,"column":null}},"37":{"start":{"line":97,"column":6},"end":{"line":97,"column":null}},"38":{"start":{"line":101,"column":16},"end":{"line":101,"column":null}},"39":{"start":{"line":102,"column":25},"end":{"line":102,"column":null}},"40":{"start":{"line":107,"column":22},"end":{"line":107,"column":null}},"41":{"start":{"line":108,"column":21},"end":{"line":108,"column":null}},"42":{"start":{"line":110,"column":4},"end":{"line":116,"column":null}},"43":{"start":{"line":119,"column":28},"end":{"line":119,"column":null}},"44":{"start":{"line":120,"column":4},"end":{"line":123,"column":null}},"45":{"start":{"line":126,"column":20},"end":{"line":126,"column":null}},"46":{"start":{"line":127,"column":4},"end":{"line":130,"column":null}},"47":{"start":{"line":128,"column":6},"end":{"line":128,"column":null}},"48":{"start":{"line":129,"column":6},"end":{"line":129,"column":null}},"49":{"start":{"line":133,"column":4},"end":{"line":133,"column":null}},"50":{"start":{"line":134,"column":4},"end":{"line":134,"column":null}},"51":{"start":{"line":137,"column":4},"end":{"line":137,"column":null}},"52":{"start":{"line":138,"column":4},"end":{"line":138,"column":null}},"53":{"start":{"line":140,"column":4},"end":{"line":140,"column":null}},"54":{"start":{"line":141,"column":23},"end":{"line":145,"column":null}},"55":{"start":{"line":148,"column":4},"end":{"line":148,"column":null}},"56":{"start":{"line":150,"column":4},"end":{"line":150,"column":null}},"57":{"start":{"line":153,"column":4},"end":{"line":153,"column":null}},"58":{"start":{"line":156,"column":4},"end":{"line":156,"column":null}},"59":{"start":{"line":158,"column":4},"end":{"line":164,"column":null}},"60":{"start":{"line":167,"column":18},"end":{"line":167,"column":null}},"61":{"start":{"line":168,"column":4},"end":{"line":171,"column":null}},"62":{"start":{"line":169,"column":6},"end":{"line":169,"column":null}},"63":{"start":{"line":170,"column":6},"end":{"line":170,"column":null}},"64":{"start":{"line":173,"column":4},"end":{"line":173,"column":null}},"65":{"start":{"line":176,"column":4},"end":{"line":190,"column":null}},"66":{"start":{"line":177,"column":6},"end":{"line":177,"column":null}},"67":{"start":{"line":178,"column":6},"end":{"line":178,"column":null}},"68":{"start":{"line":181,"column":6},"end":{"line":181,"column":null}},"69":{"start":{"line":181,"column":35},"end":{"line":181,"column":104}},"70":{"start":{"line":184,"column":6},"end":{"line":186,"column":null}},"71":{"start":{"line":185,"column":8},"end":{"line":185,"column":null}},"72":{"start":{"line":189,"column":6},"end":{"line":189,"column":null}},"73":{"start":{"line":193,"column":25},"end":{"line":193,"column":null}},"74":{"start":{"line":194,"column":4},"end":{"line":194,"column":null}},"75":{"start":{"line":197,"column":4},"end":{"line":197,"column":null}},"76":{"start":{"line":198,"column":4},"end":{"line":198,"column":null}},"77":{"start":{"line":201,"column":4},"end":{"line":203,"column":null}},"78":{"start":{"line":202,"column":6},"end":{"line":202,"column":null}},"79":{"start":{"line":208,"column":63},"end":{"line":208,"column":null}},"80":{"start":{"line":210,"column":0},"end":{"line":233,"column":null}},"81":{"start":{"line":211,"column":8},"end":{"line":211,"column":null}},"82":{"start":{"line":213,"column":4},"end":{"line":213,"column":null}},"83":{"start":{"line":215,"column":4},"end":{"line":215,"column":null}},"84":{"start":{"line":215,"column":17},"end":{"line":215,"column":null}},"85":{"start":{"line":218,"column":4},"end":{"line":218,"column":null}},"86":{"start":{"line":219,"column":19},"end":{"line":219,"column":null}},"87":{"start":{"line":220,"column":4},"end":{"line":220,"column":null}},"88":{"start":{"line":223,"column":4},"end":{"line":223,"column":null}},"89":{"start":{"line":224,"column":4},"end":{"line":224,"column":null}},"90":{"start":{"line":225,"column":4},"end":{"line":225,"column":null}},"91":{"start":{"line":228,"column":4},"end":{"line":230,"column":null}},"92":{"start":{"line":229,"column":6},"end":{"line":229,"column":null}},"93":{"start":{"line":236,"column":0},"end":{"line":244,"column":null}},"94":{"start":{"line":237,"column":8},"end":{"line":237,"column":null}},"95":{"start":{"line":239,"column":4},"end":{"line":239,"column":null}},"96":{"start":{"line":240,"column":4},"end":{"line":242,"column":null}},"97":{"start":{"line":241,"column":6},"end":{"line":241,"column":null}},"98":{"start":{"line":247,"column":0},"end":{"line":263,"column":null}},"99":{"start":{"line":248,"column":8},"end":{"line":248,"column":null}},"100":{"start":{"line":250,"column":4},"end":{"line":250,"column":null}},"101":{"start":{"line":253,"column":4},"end":{"line":255,"column":null}},"102":{"start":{"line":254,"column":6},"end":{"line":254,"column":null}},"103":{"start":{"line":257,"column":4},"end":{"line":261,"column":null}},"104":{"start":{"line":258,"column":6},"end":{"line":260,"column":null}},"105":{"start":{"line":259,"column":8},"end":{"line":259,"column":null}},"106":{"start":{"line":265,"column":0},"end":{"line":275,"column":null}},"107":{"start":{"line":266,"column":2},"end":{"line":269,"column":null}},"108":{"start":{"line":272,"column":2},"end":{"line":274,"column":null}},"109":{"start":{"line":273,"column":4},"end":{"line":273,"column":null}},"110":{"start":{"line":278,"column":2},"end":{"line":278,"column":null}},"111":{"start":{"line":279,"column":2},"end":{"line":279,"column":null}},"112":{"start":{"line":280,"column":2},"end":{"line":280,"column":null}},"113":{"start":{"line":283,"column":0},"end":{"line":287,"column":null}},"114":{"start":{"line":284,"column":2},"end":{"line":286,"column":null}},"115":{"start":{"line":285,"column":4},"end":{"line":285,"column":null}},"116":{"start":{"line":291,"column":7},"end":{"line":291,"column":null}},"117":{"start":{"line":294,"column":11},"end":{"line":294,"column":null}},"118":{"start":{"line":295,"column":11},"end":{"line":295,"column":36}}},"fnMap":{"0":{"name":"(anonymous_0)","decl":{"start":{"line":26,"column":29},"end":{"line":26,"column":35}},"loc":{"start":{"line":26,"column":35},"end":{"line":41,"column":1}},"line":26},"1":{"name":"renderPage","decl":{"start":{"line":43,"column":15},"end":{"line":43,"column":26}},"loc":{"start":{"line":43,"column":65},"end":{"line":205,"column":null}},"line":43},"2":{"name":"(anonymous_2)","decl":{"start":{"line":181,"column":24},"end":{"line":181,"column":35}},"loc":{"start":{"line":181,"column":35},"end":{"line":181,"column":104}},"line":181},"3":{"name":"(anonymous_3)","decl":{"start":{"line":211,"column":2},"end":{"line":211,"column":8}},"loc":{"start":{"line":211,"column":8},"end":{"line":211,"column":null}},"line":211},"4":{"name":"(anonymous_4)","decl":{"start":{"line":212,"column":2},"end":{"line":212,"column":9}},"loc":{"start":{"line":212,"column":20},"end":{"line":231,"column":null}},"line":212},"5":{"name":"(anonymous_5)","decl":{"start":{"line":237,"column":2},"end":{"line":237,"column":8}},"loc":{"start":{"line":237,"column":8},"end":{"line":237,"column":null}},"line":237},"6":{"name":"(anonymous_6)","decl":{"start":{"line":238,"column":2},"end":{"line":238,"column":9}},"loc":{"start":{"line":238,"column":21},"end":{"line":243,"column":null}},"line":238},"7":{"name":"(anonymous_7)","decl":{"start":{"line":248,"column":2},"end":{"line":248,"column":8}},"loc":{"start":{"line":248,"column":8},"end":{"line":248,"column":null}},"line":248},"8":{"name":"(anonymous_8)","decl":{"start":{"line":249,"column":2},"end":{"line":249,"column":9}},"loc":{"start":{"line":249,"column":22},"end":{"line":262,"column":null}},"line":249},"9":{"name":"(anonymous_9)","decl":{"start":{"line":257,"column":36},"end":{"line":257,"column":48}},"loc":{"start":{"line":257,"column":48},"end":{"line":261,"column":7}},"line":257},"10":{"name":"(anonymous_10)","decl":{"start":{"line":265,"column":10},"end":{"line":265,"column":22}},"loc":{"start":{"line":265,"column":22},"end":{"line":275,"column":1}},"line":265},"11":{"name":"handleRetry","decl":{"start":{"line":277,"column":9},"end":{"line":277,"column":23}},"loc":{"start":{"line":277,"column":23},"end":{"line":281,"column":null}},"line":277},"12":{"name":"(anonymous_12)","decl":{"start":{"line":283,"column":12},"end":{"line":283,"column":18}},"loc":{"start":{"line":283,"column":18},"end":{"line":287,"column":1}},"line":283}},"branchMap":{"0":{"loc":{"start":{"line":52,"column":2},"end":{"line":55,"column":null}},"type":"if","locations":[{"start":{"line":52,"column":2},"end":{"line":55,"column":null}},{"start":{},"end":{}}],"line":52},"1":{"loc":{"start":{"line":52,"column":6},"end":{"line":52,"column":38}},"type":"binary-expr","locations":[{"start":{"line":52,"column":6},"end":{"line":52,"column":20}},{"start":{"line":52,"column":20},"end":{"line":52,"column":38}}],"line":52},"2":{"loc":{"start":{"line":58,"column":2},"end":{"line":69,"column":null}},"type":"if","locations":[{"start":{"line":58,"column":2},"end":{"line":69,"column":null}},{"start":{},"end":{}}],"line":58},"3":{"loc":{"start":{"line":62,"column":4},"end":{"line":68,"column":null}},"type":"if","locations":[{"start":{"line":62,"column":4},"end":{"line":68,"column":null}},{"start":{},"end":{}}],"line":62},"4":{"loc":{"start":{"line":86,"column":4},"end":{"line":89,"column":null}},"type":"if","locations":[{"start":{"line":86,"column":4},"end":{"line":89,"column":null}},{"start":{},"end":{}}],"line":86},"5":{"loc":{"start":{"line":95,"column":4},"end":{"line":98,"column":null}},"type":"if","locations":[{"start":{"line":95,"column":4},"end":{"line":98,"column":null}},{"start":{},"end":{}}],"line":95},"6":{"loc":{"start":{"line":101,"column":16},"end":{"line":101,"column":null}},"type":"binary-expr","locations":[{"start":{"line":101,"column":16},"end":{"line":101,"column":43}},{"start":{"line":101,"column":43},"end":{"line":101,"column":null}}],"line":101},"7":{"loc":{"start":{"line":102,"column":25},"end":{"line":102,"column":null}},"type":"binary-expr","locations":[{"start":{"line":102,"column":25},"end":{"line":102,"column":40}},{"start":{"line":102,"column":40},"end":{"line":102,"column":null}}],"line":102},"8":{"loc":{"start":{"line":127,"column":4},"end":{"line":130,"column":null}},"type":"if","locations":[{"start":{"line":127,"column":4},"end":{"line":130,"column":null}},{"start":{},"end":{}}],"line":127},"9":{"loc":{"start":{"line":168,"column":4},"end":{"line":171,"column":null}},"type":"if","locations":[{"start":{"line":168,"column":4},"end":{"line":171,"column":null}},{"start":{},"end":{}}],"line":168},"10":{"loc":{"start":{"line":168,"column":8},"end":{"line":168,"column":105}},"type":"binary-expr","locations":[{"start":{"line":168,"column":8},"end":{"line":168,"column":57}},{"start":{"line":168,"column":57},"end":{"line":168,"column":89}},{"start":{"line":168,"column":89},"end":{"line":168,"column":105}}],"line":168},"11":{"loc":{"start":{"line":176,"column":4},"end":{"line":190,"column":null}},"type":"if","locations":[{"start":{"line":176,"column":4},"end":{"line":190,"column":null}},{"start":{},"end":{}}],"line":176},"12":{"loc":{"start":{"line":184,"column":6},"end":{"line":186,"column":null}},"type":"if","locations":[{"start":{"line":184,"column":6},"end":{"line":186,"column":null}},{"start":{},"end":{}}],"line":184},"13":{"loc":{"start":{"line":193,"column":25},"end":{"line":193,"column":null}},"type":"cond-expr","locations":[{"start":{"line":193,"column":50},"end":{"line":193,"column":66}},{"start":{"line":193,"column":66},"end":{"line":193,"column":null}}],"line":193},"14":{"loc":{"start":{"line":201,"column":4},"end":{"line":203,"column":null}},"type":"if","locations":[{"start":{"line":201,"column":4},"end":{"line":203,"column":null}},{"start":{},"end":{}}],"line":201},"15":{"loc":{"start":{"line":215,"column":4},"end":{"line":215,"column":null}},"type":"if","locations":[{"start":{"line":215,"column":4},"end":{"line":215,"column":null}},{"start":{},"end":{}}],"line":215},"16":{"loc":{"start":{"line":228,"column":4},"end":{"line":230,"column":null}},"type":"if","locations":[{"start":{"line":228,"column":4},"end":{"line":230,"column":null}},{"start":{},"end":{}}],"line":228},"17":{"loc":{"start":{"line":240,"column":4},"end":{"line":242,"column":null}},"type":"if","locations":[{"start":{"line":240,"column":4},"end":{"line":242,"column":null}},{"start":{},"end":{}}],"line":240},"18":{"loc":{"start":{"line":240,"column":8},"end":{"line":240,"column":38}},"type":"binary-expr","locations":[{"start":{"line":240,"column":8},"end":{"line":240,"column":21}},{"start":{"line":240,"column":21},"end":{"line":240,"column":38}}],"line":240},"19":{"loc":{"start":{"line":253,"column":4},"end":{"line":255,"column":null}},"type":"if","locations":[{"start":{"line":253,"column":4},"end":{"line":255,"column":null}},{"start":{},"end":{}}],"line":253},"20":{"loc":{"start":{"line":258,"column":6},"end":{"line":260,"column":null}},"type":"if","locations":[{"start":{"line":258,"column":6},"end":{"line":260,"column":null}},{"start":{},"end":{}}],"line":258},"21":{"loc":{"start":{"line":258,"column":10},"end":{"line":258,"column":40}},"type":"binary-expr","locations":[{"start":{"line":258,"column":10},"end":{"line":258,"column":23}},{"start":{"line":258,"column":23},"end":{"line":258,"column":40}}],"line":258},"22":{"loc":{"start":{"line":272,"column":2},"end":{"line":274,"column":null}},"type":"if","locations":[{"start":{"line":272,"column":2},"end":{"line":274,"column":null}},{"start":{},"end":{}}],"line":272},"23":{"loc":{"start":{"line":272,"column":6},"end":{"line":272,"column":36}},"type":"binary-expr","locations":[{"start":{"line":272,"column":6},"end":{"line":272,"column":19}},{"start":{"line":272,"column":19},"end":{"line":272,"column":36}}],"line":272},"24":{"loc":{"start":{"line":284,"column":2},"end":{"line":286,"column":null}},"type":"if","locations":[{"start":{"line":284,"column":2},"end":{"line":286,"column":null}},{"start":{},"end":{}}],"line":284}},"s":{"0":46,"1":46,"2":46,"3":46,"4":46,"5":46,"6":46,"7":46,"8":46,"9":49,"10":49,"11":49,"12":106,"13":106,"14":0,"15":0,"16":106,"17":59,"18":59,"19":59,"20":15,"21":15,"22":0,"23":106,"24":106,"25":106,"26":106,"27":106,"28":106,"29":106,"30":105,"31":41,"32":41,"33":64,"34":64,"35":60,"36":0,"37":0,"38":60,"39":106,"40":106,"41":106,"42":106,"43":106,"44":106,"45":106,"46":106,"47":1,"48":1,"49":59,"50":59,"51":59,"52":59,"53":59,"54":59,"55":59,"56":59,"57":37,"58":37,"59":37,"60":24,"61":24,"62":2,"63":2,"64":22,"65":22,"66":17,"67":17,"68":17,"69":17,"70":16,"71":0,"72":16,"73":5,"74":24,"75":102,"76":102,"77":102,"78":45,"79":46,"80":46,"81":46,"82":46,"83":46,"84":4,"85":42,"86":42,"87":41,"88":41,"89":41,"90":41,"91":41,"92":41,"93":46,"94":50,"95":4,"96":4,"97":4,"98":46,"99":49,"100":3,"101":3,"102":0,"103":3,"104":3,"105":3,"106":46,"107":46,"108":46,"109":42,"110":0,"111":0,"112":0,"113":46,"114":3,"115":0,"116":2,"117":2,"118":2},"f":{"0":49,"1":106,"2":17,"3":46,"4":46,"5":50,"6":4,"7":49,"8":3,"9":3,"10":46,"11":0,"12":3},"b":{"0":[0,106],"1":[106,106],"2":[59,47],"3":[15,44],"4":[41,64],"5":[0,60],"6":[60,0],"7":[106,57],"8":[1,105],"9":[2,22],"10":[24,23,22],"11":[17,5],"12":[0,16],"13":[5,0],"14":[45,57],"15":[4,42],"16":[41,0],"17":[4,0],"18":[4,4],"19":[0,3],"20":[3,0],"21":[3,3],"22":[42,4],"23":[46,42],"24":[0,3]},"meta":{"lastBranch":0,"lastFunction":0,"lastStatement":0,"seen":{}}}
,"/Users/bensutherland/projects/WebDeveloperBen/pdf-render-draw/app/components/SvgAnnotationLayer.vue": {"path":"/Users/bensutherland/projects/WebDeveloperBen/pdf-render-draw/app/components/SvgAnnotationLayer.vue","statementMap":{"0":{"start":{"line":23,"column":2},"end":{"line":23,"column":null}},"1":{"start":{"line":26,"column":19},"end":{"line":26,"column":null}},"2":{"start":{"line":27,"column":19},"end":{"line":27,"column":44}},"3":{"start":{"line":29,"column":9},"end":{"line":29,"column":null}},"4":{"start":{"line":30,"column":14},"end":{"line":30,"column":null}},"5":{"start":{"line":31,"column":9},"end":{"line":31,"column":null}},"6":{"start":{"line":32,"column":10},"end":{"line":52,"column":null}},"7":{"start":{"line":33,"column":14},"end":{"line":33,"column":null}},"8":{"start":{"line":34,"column":15},"end":{"line":34,"column":null}},"9":{"start":{"line":35,"column":15},"end":{"line":35,"column":61}},"10":{"start":{"line":36,"column":4},"end":{"line":36,"column":null}},"11":{"start":{"line":36,"column":21},"end":{"line":49,"column":null}},"12":{"start":{"line":54,"column":9},"end":{"line":54,"column":null}},"13":{"start":{"line":55,"column":15},"end":{"line":55,"column":null}},"14":{"start":{"line":56,"column":19},"end":{"line":56,"column":null}},"15":{"start":{"line":57,"column":8},"end":{"line":58,"column":11}},"16":{"start":{"line":64,"column":16},"end":{"line":64,"column":null}},"17":{"start":{"line":65,"column":4},"end":{"line":65,"column":49}},"18":{"start":{"line":66,"column":2},"end":{"line":66,"column":null}},"19":{"start":{"line":66,"column":2},"end":{"line":67,"column":null}},"20":{"start":{"line":70,"column":6},"end":{"line":70,"column":34}},"21":{"start":{"line":71,"column":4},"end":{"line":71,"column":21}},"22":{"start":{"line":72,"column":2},"end":{"line":72,"column":null}},"23":{"start":{"line":73,"column":0},"end":{"line":78,"column":null}},"24":{"start":{"line":75,"column":0},"end":{"line":75,"column":null}},"25":{"start":{"line":81,"column":2},"end":{"line":85,"column":null}},"26":{"start":{"line":82,"column":0},"end":{"line":82,"column":null}},"27":{"start":{"line":90,"column":2},"end":{"line":91,"column":null}},"28":{"start":{"line":93,"column":2},"end":{"line":93,"column":null}},"29":{"start":{"line":97,"column":4},"end":{"line":97,"column":null}},"30":{"start":{"line":98,"column":4},"end":{"line":98,"column":null}},"31":{"start":{"line":103,"column":11},"end":{"line":103,"column":null}},"32":{"start":{"line":105,"column":6},"end":{"line":105,"column":22}},"33":{"start":{"line":106,"column":4},"end":{"line":106,"column":null}},"34":{"start":{"line":107,"column":4},"end":{"line":121,"column":null}},"35":{"start":{"line":108,"column":2},"end":{"line":108,"column":null}},"36":{"start":{"line":111,"column":22},"end":{"line":111,"column":55}},"37":{"start":{"line":112,"column":4},"end":{"line":119,"column":null}},"38":{"start":{"line":113,"column":6},"end":{"line":113,"column":null}},"39":{"start":{"line":115,"column":2},"end":{"line":115,"column":null}},"40":{"start":{"line":120,"column":4},"end":{"line":120,"column":null}},"41":{"start":{"line":122,"column":2},"end":{"line":126,"column":null}},"42":{"start":{"line":124,"column":2},"end":{"line":124,"column":34}},"43":{"start":{"line":125,"column":4},"end":{"line":125,"column":null}},"44":{"start":{"line":126,"column":4},"end":{"line":126,"column":14}},"45":{"start":{"line":127,"column":15},"end":{"line":132,"column":16}},"46":{"start":{"line":129,"column":4},"end":{"line":129,"column":null}},"47":{"start":{"line":130,"column":3},"end":{"line":130,"column":null}},"48":{"start":{"line":132,"column":16},"end":{"line":139,"column":null}},"49":{"start":{"line":140,"column":6},"end":{"line":170,"column":null}},"50":{"start":{"line":142,"column":6},"end":{"line":142,"column":null}},"51":{"start":{"line":143,"column":6},"end":{"line":143,"column":null}},"52":{"start":{"line":144,"column":6},"end":{"line":144,"column":null}},"53":{"start":{"line":146,"column":6},"end":{"line":146,"column":null}},"54":{"start":{"line":147,"column":6},"end":{"line":147,"column":null}},"55":{"start":{"line":148,"column":6},"end":{"line":148,"column":null}},"56":{"start":{"line":150,"column":6},"end":{"line":150,"column":null}},"57":{"start":{"line":151,"column":6},"end":{"line":151,"column":null}},"58":{"start":{"line":152,"column":6},"end":{"line":152,"column":null}},"59":{"start":{"line":154,"column":6},"end":{"line":154,"column":null}},"60":{"start":{"line":155,"column":6},"end":{"line":155,"column":null}},"61":{"start":{"line":156,"column":6},"end":{"line":156,"column":null}},"62":{"start":{"line":158,"column":6},"end":{"line":158,"column":69}},"63":{"start":{"line":159,"column":2},"end":{"line":159,"column":null}},"64":{"start":{"line":160,"column":0},"end":{"line":160,"column":null}},"65":{"start":{"line":163,"column":2},"end":{"line":163,"column":null}},"66":{"start":{"line":164,"column":2},"end":{"line":164,"column":null}},"67":{"start":{"line":167,"column":6},"end":{"line":167,"column":null}},"68":{"start":{"line":169,"column":4},"end":{"line":169,"column":null}},"69":{"start":{"line":173,"column":4},"end":{"line":173,"column":40}},"70":{"start":{"line":173,"column":64},"end":{"line":174,"column":null}},"71":{"start":{"line":177,"column":2},"end":{"line":185,"column":null}},"72":{"start":{"line":178,"column":4},"end":{"line":178,"column":null}},"73":{"start":{"line":179,"column":4},"end":{"line":179,"column":null}},"74":{"start":{"line":180,"column":2},"end":{"line":180,"column":null}},"75":{"start":{"line":182,"column":2},"end":{"line":182,"column":null}},"76":{"start":{"line":183,"column":9},"end":{"line":183,"column":null}},"77":{"start":{"line":184,"column":6},"end":{"line":184,"column":null}},"78":{"start":{"line":185,"column":6},"end":{"line":188,"column":null}},"79":{"start":{"line":187,"column":6},"end":{"line":187,"column":null}},"80":{"start":{"line":188,"column":6},"end":{"line":188,"column":null}},"81":{"start":{"line":190,"column":6},"end":{"line":207,"column":null}},"82":{"start":{"line":192,"column":4},"end":{"line":192,"column":null}},"83":{"start":{"line":193,"column":6},"end":{"line":193,"column":null}},"84":{"start":{"line":195,"column":4},"end":{"line":195,"column":null}},"85":{"start":{"line":196,"column":6},"end":{"line":196,"column":68}},"86":{"start":{"line":198,"column":0},"end":{"line":198,"column":null}},"87":{"start":{"line":200,"column":0},"end":{"line":200,"column":null}},"88":{"start":{"line":203,"column":2},"end":{"line":203,"column":null}},"89":{"start":{"line":204,"column":6},"end":{"line":204,"column":null}},"90":{"start":{"line":206,"column":4},"end":{"line":206,"column":null}},"91":{"start":{"line":210,"column":2},"end":{"line":210,"column":null}},"92":{"start":{"line":211,"column":0},"end":{"line":211,"column":null}},"93":{"start":{"line":214,"column":0},"end":{"line":222,"column":null}},"94":{"start":{"line":215,"column":14},"end":{"line":215,"column":null}},"95":{"start":{"line":216,"column":2},"end":{"line":221,"column":null}},"96":{"start":{"line":217,"column":2},"end":{"line":217,"column":null}},"97":{"start":{"line":218,"column":2},"end":{"line":218,"column":null}},"98":{"start":{"line":225,"column":0},"end":{"line":225,"column":null}},"99":{"start":{"line":228,"column":0},"end":{"line":228,"column":null}},"100":{"start":{"line":232,"column":2},"end":{"line":232,"column":null}},"101":{"start":{"line":233,"column":8},"end":{"line":233,"column":null}},"102":{"start":{"line":234,"column":29},"end":{"line":234,"column":33}},"103":{"start":{"line":235,"column":12},"end":{"line":235,"column":20}},"104":{"start":{"line":236,"column":10},"end":{"line":236,"column":null}},"105":{"start":{"line":237,"column":12},"end":{"line":237,"column":null}},"106":{"start":{"line":238,"column":16},"end":{"line":238,"column":null}},"107":{"start":{"line":239,"column":16},"end":{"line":239,"column":null}}},"fnMap":{"0":{"name":"(anonymous_0)","decl":{"start":{"line":30,"column":14},"end":{"line":30,"column":null}},"loc":{"start":{"line":30,"column":14},"end":{"line":30,"column":null}},"line":30},"1":{"name":"(anonymous_1)","decl":{"start":{"line":31,"column":9},"end":{"line":31,"column":null}},"loc":{"start":{"line":31,"column":9},"end":{"line":31,"column":null}},"line":31},"2":{"name":"(anonymous_2)","decl":{"start":{"line":32,"column":10},"end":{"line":32,"column":null}},"loc":{"start":{"line":32,"column":10},"end":{"line":52,"column":null}},"line":32},"3":{"name":"handleMouseDown","decl":{"start":{"line":69,"column":9},"end":{"line":69,"column":23}},"loc":{"start":{"line":69,"column":38},"end":{"line":79,"column":null}},"line":69},"4":{"name":"handleMouseUp","decl":{"start":{"line":80,"column":2},"end":{"line":80,"column":16}},"loc":{"start":{"line":80,"column":16},"end":{"line":86,"column":null}},"line":80},"5":{"name":"handleMouseLeave","decl":{"start":{"line":89,"column":8},"end":{"line":89,"column":19}},"loc":{"start":{"line":89,"column":19},"end":{"line":100,"column":null}},"line":89},"6":{"name":"handleClick","decl":{"start":{"line":102,"column":6},"end":{"line":102,"column":22}},"loc":{"start":{"line":102,"column":22},"end":{"line":171,"column":null}},"line":102},"7":{"name":"handleMove","decl":{"start":{"line":172,"column":4},"end":{"line":172,"column":17}},"loc":{"start":{"line":172,"column":20},"end":{"line":208,"column":24}},"line":172},"8":{"name":"handleDoubleClick","decl":{"start":{"line":209,"column":4},"end":{"line":209,"column":null}},"loc":{"start":{"line":209,"column":4},"end":{"line":223,"column":45}},"line":209}},"branchMap":{"0":{"loc":{"start":{"line":72,"column":2},"end":{"line":72,"column":null}},"type":"binary-expr","locations":[{"start":{"line":72,"column":2},"end":{"line":72,"column":null}},{"start":{"line":72,"column":2},"end":{"line":72,"column":null}}],"line":72},"1":{"loc":{"start":{"line":73,"column":0},"end":{"line":78,"column":null}},"type":"if","locations":[{"start":{"line":73,"column":0},"end":{"line":78,"column":null}},{"start":{},"end":{}}],"line":73},"2":{"loc":{"start":{"line":73,"column":0},"end":{"line":73,"column":null}},"type":"binary-expr","locations":[{"start":{"line":73,"column":0},"end":{"line":73,"column":null}},{"start":{"line":73,"column":0},"end":{"line":73,"column":null}},{"start":{"line":73,"column":0},"end":{"line":73,"column":null}},{"start":{"line":73,"column":0},"end":{"line":73,"column":null}}],"line":73},"3":{"loc":{"start":{"line":81,"column":2},"end":{"line":85,"column":null}},"type":"if","locations":[{"start":{"line":81,"column":2},"end":{"line":85,"column":null}},{"start":{},"end":{}}],"line":81},"4":{"loc":{"start":{"line":106,"column":4},"end":{"line":106,"column":null}},"type":"binary-expr","locations":[{"start":{"line":106,"column":4},"end":{"line":106,"column":null}},{"start":{"line":106,"column":4},"end":{"line":106,"column":null}}],"line":106},"5":{"loc":{"start":{"line":107,"column":4},"end":{"line":121,"column":null}},"type":"if","locations":[{"start":{"line":107,"column":4},"end":{"line":121,"column":null}},{"start":{},"end":{}}],"line":107},"6":{"loc":{"start":{"line":107,"column":4},"end":{"line":107,"column":null}},"type":"binary-expr","locations":[{"start":{"line":107,"column":4},"end":{"line":107,"column":null}},{"start":{"line":107,"column":4},"end":{"line":107,"column":null}},{"start":{"line":107,"column":4},"end":{"line":107,"column":null}},{"start":{"line":107,"column":4},"end":{"line":107,"column":null}}],"line":107},"7":{"loc":{"start":{"line":111,"column":22},"end":{"line":111,"column":55}},"type":"cond-expr","locations":[{"start":{"line":111,"column":31},"end":{"line":111,"column":46}},{"start":{"line":111,"column":46},"end":{"line":111,"column":55}}],"line":111},"8":{"loc":{"start":{"line":112,"column":4},"end":{"line":119,"column":null}},"type":"if","locations":[{"start":{"line":112,"column":4},"end":{"line":119,"column":null}},{"start":{"line":114,"column":4},"end":{"line":119,"column":null}}],"line":112},"9":{"loc":{"start":{"line":122,"column":2},"end":{"line":126,"column":null}},"type":"if","locations":[{"start":{"line":122,"column":2},"end":{"line":126,"column":null}},{"start":{},"end":{}}],"line":122},"10":{"loc":{"start":{"line":122,"column":2},"end":{"line":122,"column":null}},"type":"binary-expr","locations":[{"start":{"line":122,"column":2},"end":{"line":122,"column":null}},{"start":{"line":122,"column":2},"end":{"line":122,"column":null}},{"start":{"line":122,"column":2},"end":{"line":122,"column":null}},{"start":{"line":122,"column":2},"end":{"line":122,"column":null}}],"line":122},"11":{"loc":{"start":{"line":127,"column":15},"end":{"line":132,"column":16}},"type":"if","locations":[{"start":{"line":127,"column":15},"end":{"line":132,"column":16}},{"start":{},"end":{}}],"line":127},"12":{"loc":{"start":{"line":128,"column":4},"end":{"line":128,"column":null}},"type":"binary-expr","locations":[{"start":{"line":128,"column":4},"end":{"line":128,"column":15}},{"start":{"line":128,"column":15},"end":{"line":128,"column":null}},{"start":{"line":128,"column":15},"end":{"line":128,"column":null}},{"start":{"line":128,"column":15},"end":{"line":128,"column":null}}],"line":128},"13":{"loc":{"start":{"line":140,"column":6},"end":{"line":170,"column":null}},"type":"switch","locations":[{"start":{"line":141,"column":4},"end":{"line":144,"column":null}},{"start":{"line":145,"column":4},"end":{"line":148,"column":null}},{"start":{"line":149,"column":4},"end":{"line":152,"column":null}},{"start":{"line":153,"column":4},"end":{"line":156,"column":null}},{"start":{"line":157,"column":4},"end":{"line":160,"column":null}},{"start":{"line":162,"column":0},"end":{"line":167,"column":null}},{"start":{"line":168,"column":4},"end":{"line":169,"column":null}}],"line":140},"14":{"loc":{"start":{"line":177,"column":2},"end":{"line":185,"column":null}},"type":"if","locations":[{"start":{"line":177,"column":2},"end":{"line":185,"column":null}},{"start":{},"end":{}}],"line":177},"15":{"loc":{"start":{"line":185,"column":6},"end":{"line":188,"column":null}},"type":"if","locations":[{"start":{"line":185,"column":6},"end":{"line":188,"column":null}},{"start":{},"end":{}}],"line":185},"16":{"loc":{"start":{"line":186,"column":4},"end":{"line":186,"column":null}},"type":"binary-expr","locations":[{"start":{"line":186,"column":4},"end":{"line":186,"column":null}},{"start":{"line":186,"column":9},"end":{"line":186,"column":null}},{"start":{"line":186,"column":9},"end":{"line":186,"column":null}},{"start":{"line":186,"column":9},"end":{"line":186,"column":null}}],"line":186},"17":{"loc":{"start":{"line":190,"column":6},"end":{"line":207,"column":null}},"type":"switch","locations":[{"start":{"line":191,"column":6},"end":{"line":193,"column":null}},{"start":{"line":194,"column":6},"end":{"line":196,"column":68}},{"start":{"line":197,"column":2},"end":{"line":200,"column":null}},{"start":{"line":202,"column":2},"end":{"line":204,"column":null}},{"start":{"line":205,"column":4},"end":{"line":206,"column":null}}],"line":190},"18":{"loc":{"start":{"line":214,"column":0},"end":{"line":222,"column":null}},"type":"if","locations":[{"start":{"line":214,"column":0},"end":{"line":222,"column":null}},{"start":{},"end":{}}],"line":214},"19":{"loc":{"start":{"line":216,"column":2},"end":{"line":221,"column":null}},"type":"if","locations":[{"start":{"line":216,"column":2},"end":{"line":221,"column":null}},{"start":{},"end":{}}],"line":216},"20":{"loc":{"start":{"line":277,"column":6},"end":{"line":277,"column":null}},"type":"cond-expr","locations":[{"start":{"line":277,"column":6},"end":{"line":277,"column":null}},{"start":{"line":277,"column":6},"end":{"line":277,"column":null}}],"line":277},"21":{"loc":{"start":{"line":267,"column":10},"end":{"line":267,"column":null}},"type":"cond-expr","locations":[{"start":{"line":267,"column":47},"end":{"line":267,"column":null}},{"start":{"line":267,"column":47},"end":{"line":267,"column":null}}],"line":267},"22":{"loc":{"start":{"line":267,"column":10},"end":{"line":267,"column":null}},"type":"binary-expr","locations":[{"start":{"line":267,"column":10},"end":{"line":267,"column":47}},{"start":{"line":267,"column":41},"end":{"line":267,"column":null}}],"line":267},"23":{"loc":{"start":{"line":267,"column":47},"end":{"line":268,"column":null}},"type":"cond-expr","locations":[{"start":{"line":268,"column":47},"end":{"line":268,"column":null}},{"start":{"line":268,"column":47},"end":{"line":268,"column":null}}],"line":267},"24":{"loc":{"start":{"line":267,"column":47},"end":{"line":268,"column":null}},"type":"binary-expr","locations":[{"start":{"line":267,"column":47},"end":{"line":268,"column":47}},{"start":{"line":268,"column":47},"end":{"line":268,"column":null}}],"line":267},"25":{"loc":{"start":{"line":268,"column":47},"end":{"line":269,"column":null}},"type":"cond-expr","locations":[{"start":{"line":269,"column":51},"end":{"line":269,"column":null}},{"start":{"line":269,"column":51},"end":{"line":269,"column":null}}],"line":268},"26":{"loc":{"start":{"line":268,"column":47},"end":{"line":269,"column":null}},"type":"binary-expr","locations":[{"start":{"line":268,"column":47},"end":{"line":269,"column":45}},{"start":{"line":269,"column":45},"end":{"line":269,"column":null}}],"line":268},"27":{"loc":{"start":{"line":269,"column":51},"end":{"line":270,"column":null}},"type":"cond-expr","locations":[{"start":{"line":270,"column":52},"end":{"line":270,"column":null}},{"start":{"line":270,"column":52},"end":{"line":270,"column":null}}],"line":269},"28":{"loc":{"start":{"line":269,"column":51},"end":{"line":270,"column":null}},"type":"binary-expr","locations":[{"start":{"line":269,"column":51},"end":{"line":270,"column":46}},{"start":{"line":270,"column":46},"end":{"line":270,"column":null}}],"line":269},"29":{"loc":{"start":{"line":270,"column":52},"end":{"line":271,"column":null}},"type":"cond-expr","locations":[{"start":{"line":271,"column":23},"end":{"line":271,"column":null}},{"start":{"line":271,"column":23},"end":{"line":271,"column":null}}],"line":270},"30":{"loc":{"start":{"line":270,"column":52},"end":{"line":271,"column":null}},"type":"binary-expr","locations":[{"start":{"line":270,"column":52},"end":{"line":271,"column":null}},{"start":{"line":271,"column":23},"end":{"line":271,"column":null}}],"line":270},"31":{"loc":{"start":{"line":272,"column":25},"end":{"line":273,"column":null}},"type":"binary-expr","locations":[{"start":{"line":272,"column":25},"end":{"line":273,"column":31}},{"start":{"line":273,"column":31},"end":{"line":273,"column":null}}],"line":272}},"s":{"0":0,"1":0,"2":0,"3":0,"4":0,"5":0,"6":0,"7":0,"8":0,"9":0,"10":0,"11":0,"12":0,"13":0,"14":0,"15":0,"16":0,"17":0,"18":0,"19":0,"20":0,"21":0,"22":0,"23":0,"24":0,"25":0,"26":0,"27":0,"28":0,"29":0,"30":0,"31":0,"32":0,"33":0,"34":0,"35":0,"36":0,"37":0,"38":0,"39":0,"40":0,"41":0,"42":0,"43":0,"44":0,"45":0,"46":0,"47":0,"48":0,"49":0,"50":0,"51":0,"52":0,"53":0,"54":0,"55":0,"56":0,"57":0,"58":0,"59":0,"60":0,"61":0,"62":0,"63":0,"64":0,"65":0,"66":0,"67":0,"68":0,"69":0,"70":0,"71":0,"72":0,"73":0,"74":0,"75":0,"76":0,"77":0,"78":0,"79":0,"80":0,"81":0,"82":0,"83":0,"84":0,"85":0,"86":0,"87":0,"88":0,"89":0,"90":0,"91":0,"92":0,"93":0,"94":0,"95":0,"96":0,"97":0,"98":0,"99":0,"100":0,"101":0,"102":0,"103":0,"104":0,"105":0,"106":0,"107":0},"f":{"0":0,"1":0,"2":0,"3":0,"4":0,"5":0,"6":0,"7":0,"8":0},"b":{"0":[0,0],"1":[0,0],"2":[0,0,0,0],"3":[0,0],"4":[0,0],"5":[0,0],"6":[0,0,0,0],"7":[0,0],"8":[0,0],"9":[0,0],"10":[0,0,0,0],"11":[0,0],"12":[0,0,0,0],"13":[0,0,0,0,0,0,0],"14":[0,0],"15":[0,0],"16":[0,0,0,0],"17":[0,0,0,0,0],"18":[0,0],"19":[0,0],"20":[0,0],"21":[0,0],"22":[0,0],"23":[0,0],"24":[0,0],"25":[0,0],"26":[0,0],"27":[0,0],"28":[0,0],"29":[0,0],"30":[0,0],"31":[0,0]},"meta":{"lastBranch":0,"lastFunction":0,"lastStatement":0,"seen":{}}}
,"/Users/bensutherland/projects/WebDeveloperBen/pdf-render-draw/app/components/handles/GroupTransform.vue": {"path":"/Users/bensutherland/projects/WebDeveloperBen/pdf-render-draw/app/components/handles/GroupTransform.vue","statementMap":{"0":{"start":{"line":12,"column":6},"end":{"line":12,"column":null}},"1":{"start":{"line":13,"column":6},"end":{"line":13,"column":null}},"2":{"start":{"line":15,"column":6},"end":{"line":15,"column":null}},"3":{"start":{"line":15,"column":43},"end":{"line":15,"column":78}},"4":{"start":{"line":17,"column":19},"end":{"line":17,"column":null}},"5":{"start":{"line":18,"column":31},"end":{"line":18,"column":null}},"6":{"start":{"line":21,"column":22},"end":{"line":21,"column":null}},"7":{"start":{"line":22,"column":24},"end":{"line":22,"column":null}},"8":{"start":{"line":25,"column":6},"end":{"line":25,"column":null}},"9":{"start":{"line":28,"column":6},"end":{"line":28,"column":null}},"10":{"start":{"line":29,"column":6},"end":{"line":29,"column":null}},"11":{"start":{"line":30,"column":6},"end":{"line":30,"column":null}},"12":{"start":{"line":33,"column":0},"end":{"line":36,"column":null}},"13":{"start":{"line":33,"column":12},"end":{"line":33,"column":51}},"14":{"start":{"line":34,"column":2},"end":{"line":34,"column":null}},"15":{"start":{"line":35,"column":2},"end":{"line":35,"column":null}},"16":{"start":{"line":39,"column":6},"end":{"line":62,"column":null}},"17":{"start":{"line":40,"column":2},"end":{"line":40,"column":null}},"18":{"start":{"line":40,"column":44},"end":{"line":40,"column":null}},"19":{"start":{"line":42,"column":13},"end":{"line":42,"column":23}},"20":{"start":{"line":42,"column":30},"end":{"line":42,"column":40}},"21":{"start":{"line":42,"column":47},"end":{"line":42,"column":58}},"22":{"start":{"line":42,"column":65},"end":{"line":42,"column":null}},"23":{"start":{"line":44,"column":2},"end":{"line":52,"column":null}},"24":{"start":{"line":45,"column":10},"end":{"line":45,"column":null}},"25":{"start":{"line":46,"column":4},"end":{"line":46,"column":null}},"26":{"start":{"line":46,"column":17},"end":{"line":46,"column":null}},"27":{"start":{"line":48,"column":4},"end":{"line":48,"column":null}},"28":{"start":{"line":49,"column":4},"end":{"line":49,"column":null}},"29":{"start":{"line":50,"column":4},"end":{"line":50,"column":null}},"30":{"start":{"line":51,"column":4},"end":{"line":51,"column":null}},"31":{"start":{"line":54,"column":2},"end":{"line":54,"column":null}},"32":{"start":{"line":54,"column":25},"end":{"line":54,"column":null}},"33":{"start":{"line":56,"column":2},"end":{"line":61,"column":null}},"34":{"start":{"line":66,"column":6},"end":{"line":79,"column":null}},"35":{"start":{"line":68,"column":2},"end":{"line":70,"column":null}},"36":{"start":{"line":69,"column":4},"end":{"line":69,"column":null}},"37":{"start":{"line":73,"column":2},"end":{"line":75,"column":null}},"38":{"start":{"line":74,"column":4},"end":{"line":74,"column":null}},"39":{"start":{"line":78,"column":2},"end":{"line":78,"column":null}},"40":{"start":{"line":82,"column":6},"end":{"line":92,"column":null}},"41":{"start":{"line":83,"column":2},"end":{"line":83,"column":null}},"42":{"start":{"line":83,"column":28},"end":{"line":83,"column":null}},"43":{"start":{"line":85,"column":12},"end":{"line":85,"column":null}},"44":{"start":{"line":86,"column":2},"end":{"line":91,"column":null}},"45":{"start":{"line":95,"column":6},"end":{"line":108,"column":null}},"46":{"start":{"line":96,"column":2},"end":{"line":96,"column":null}},"47":{"start":{"line":96,"column":28},"end":{"line":96,"column":null}},"48":{"start":{"line":98,"column":20},"end":{"line":98,"column":null}},"49":{"start":{"line":99,"column":24},"end":{"line":99,"column":null}},"50":{"start":{"line":101,"column":2},"end":{"line":101,"column":null}},"51":{"start":{"line":101,"column":27},"end":{"line":101,"column":null}},"52":{"start":{"line":103,"column":18},"end":{"line":103,"column":null}},"53":{"start":{"line":104,"column":18},"end":{"line":104,"column":null}},"54":{"start":{"line":105,"column":20},"end":{"line":105,"column":null}},"55":{"start":{"line":107,"column":2},"end":{"line":107,"column":null}},"56":{"start":{"line":111,"column":2},"end":{"line":111,"column":null}},"57":{"start":{"line":111,"column":29},"end":{"line":111,"column":null}},"58":{"start":{"line":115,"column":2},"end":{"line":117,"column":null}},"59":{"start":{"line":116,"column":4},"end":{"line":116,"column":null}},"60":{"start":{"line":120,"column":22},"end":{"line":120,"column":null}},"61":{"start":{"line":122,"column":2},"end":{"line":134,"column":null}},"62":{"start":{"line":124,"column":4},"end":{"line":126,"column":null}},"63":{"start":{"line":125,"column":6},"end":{"line":125,"column":null}},"64":{"start":{"line":129,"column":4},"end":{"line":133,"column":null}},"65":{"start":{"line":130,"column":22},"end":{"line":130,"column":null}},"66":{"start":{"line":131,"column":22},"end":{"line":131,"column":null}},"67":{"start":{"line":132,"column":6},"end":{"line":132,"column":null}},"68":{"start":{"line":138,"column":2},"end":{"line":138,"column":null}},"69":{"start":{"line":138,"column":80},"end":{"line":138,"column":null}},"70":{"start":{"line":139,"column":2},"end":{"line":139,"column":null}},"71":{"start":{"line":139,"column":51},"end":{"line":139,"column":null}},"72":{"start":{"line":140,"column":2},"end":{"line":140,"column":null}},"73":{"start":{"line":140,"column":44},"end":{"line":140,"column":null}},"74":{"start":{"line":142,"column":17},"end":{"line":142,"column":null}},"75":{"start":{"line":145,"column":17},"end":{"line":145,"column":null}},"76":{"start":{"line":146,"column":16},"end":{"line":146,"column":null}},"77":{"start":{"line":147,"column":18},"end":{"line":147,"column":null}},"78":{"start":{"line":148,"column":19},"end":{"line":148,"column":null}},"79":{"start":{"line":151,"column":30},"end":{"line":151,"column":null}},"80":{"start":{"line":154,"column":20},"end":{"line":154,"column":null}},"81":{"start":{"line":156,"column":2},"end":{"line":159,"column":null}},"82":{"start":{"line":157,"column":4},"end":{"line":157,"column":null}},"83":{"start":{"line":158,"column":4},"end":{"line":158,"column":null}},"84":{"start":{"line":160,"column":2},"end":{"line":162,"column":null}},"85":{"start":{"line":161,"column":4},"end":{"line":161,"column":null}},"86":{"start":{"line":163,"column":2},"end":{"line":166,"column":null}},"87":{"start":{"line":164,"column":4},"end":{"line":164,"column":null}},"88":{"start":{"line":165,"column":4},"end":{"line":165,"column":null}},"89":{"start":{"line":167,"column":2},"end":{"line":169,"column":null}},"90":{"start":{"line":168,"column":4},"end":{"line":168,"column":null}},"91":{"start":{"line":172,"column":2},"end":{"line":187,"column":null}},"92":{"start":{"line":173,"column":27},"end":{"line":173,"column":null}},"93":{"start":{"line":174,"column":28},"end":{"line":174,"column":null}},"94":{"start":{"line":176,"column":4},"end":{"line":186,"column":null}},"95":{"start":{"line":177,"column":24},"end":{"line":177,"column":null}},"96":{"start":{"line":178,"column":25},"end":{"line":178,"column":null}},"97":{"start":{"line":179,"column":6},"end":{"line":179,"column":null}},"98":{"start":{"line":180,"column":6},"end":{"line":180,"column":null}},"99":{"start":{"line":180,"column":17},"end":{"line":180,"column":null}},"100":{"start":{"line":182,"column":23},"end":{"line":182,"column":null}},"101":{"start":{"line":183,"column":24},"end":{"line":183,"column":null}},"102":{"start":{"line":184,"column":6},"end":{"line":184,"column":null}},"103":{"start":{"line":185,"column":6},"end":{"line":185,"column":null}},"104":{"start":{"line":185,"column":18},"end":{"line":185,"column":null}},"105":{"start":{"line":190,"column":18},"end":{"line":190,"column":null}},"106":{"start":{"line":191,"column":2},"end":{"line":194,"column":null}},"107":{"start":{"line":192,"column":4},"end":{"line":192,"column":null}},"108":{"start":{"line":192,"column":16},"end":{"line":192,"column":null}},"109":{"start":{"line":193,"column":4},"end":{"line":193,"column":null}},"110":{"start":{"line":195,"column":2},"end":{"line":198,"column":null}},"111":{"start":{"line":196,"column":4},"end":{"line":196,"column":null}},"112":{"start":{"line":196,"column":15},"end":{"line":196,"column":null}},"113":{"start":{"line":197,"column":4},"end":{"line":197,"column":null}},"114":{"start":{"line":201,"column":17},"end":{"line":201,"column":null}},"115":{"start":{"line":202,"column":17},"end":{"line":202,"column":null}},"116":{"start":{"line":205,"column":2},"end":{"line":227,"column":null}},"117":{"start":{"line":206,"column":4},"end":{"line":226,"column":null}},"118":{"start":{"line":208,"column":27},"end":{"line":211,"column":null}},"119":{"start":{"line":208,"column":63},"end":{"line":211,"column":8}},"120":{"start":{"line":212,"column":6},"end":{"line":212,"column":null}},"121":{"start":{"line":213,"column":4},"end":{"line":226,"column":null}},"122":{"start":{"line":215,"column":22},"end":{"line":215,"column":null}},"123":{"start":{"line":216,"column":22},"end":{"line":216,"column":null}},"124":{"start":{"line":217,"column":26},"end":{"line":217,"column":null}},"125":{"start":{"line":218,"column":27},"end":{"line":218,"column":null}},"126":{"start":{"line":220,"column":6},"end":{"line":225,"column":null}},"127":{"start":{"line":231,"column":2},"end":{"line":231,"column":null}},"128":{"start":{"line":231,"column":90},"end":{"line":231,"column":null}},"129":{"start":{"line":234,"column":18},"end":{"line":234,"column":null}},"130":{"start":{"line":235,"column":18},"end":{"line":235,"column":null}},"131":{"start":{"line":238,"column":23},"end":{"line":238,"column":null}},"132":{"start":{"line":241,"column":24},"end":{"line":241,"column":null}},"133":{"start":{"line":242,"column":2},"end":{"line":242,"column":null}},"134":{"start":{"line":245,"column":2},"end":{"line":245,"column":null}},"135":{"start":{"line":248,"column":2},"end":{"line":270,"column":null}},"136":{"start":{"line":249,"column":4},"end":{"line":269,"column":null}},"137":{"start":{"line":250,"column":28},"end":{"line":259,"column":null}},"138":{"start":{"line":251,"column":19},"end":{"line":251,"column":null}},"139":{"start":{"line":252,"column":19},"end":{"line":252,"column":null}},"140":{"start":{"line":253,"column":20},"end":{"line":253,"column":null}},"141":{"start":{"line":254,"column":20},"end":{"line":254,"column":null}},"142":{"start":{"line":255,"column":8},"end":{"line":258,"column":null}},"143":{"start":{"line":262,"column":27},"end":{"line":262,"column":null}},"144":{"start":{"line":263,"column":6},"end":{"line":266,"column":null}},"145":{"start":{"line":264,"column":33},"end":{"line":264,"column":null}},"146":{"start":{"line":265,"column":8},"end":{"line":265,"column":null}},"147":{"start":{"line":268,"column":6},"end":{"line":268,"column":null}},"148":{"start":{"line":274,"column":2},"end":{"line":274,"column":null}},"149":{"start":{"line":274,"column":51},"end":{"line":274,"column":null}},"150":{"start":{"line":277,"column":2},"end":{"line":290,"column":null}},"151":{"start":{"line":278,"column":4},"end":{"line":289,"column":null}},"152":{"start":{"line":279,"column":26},"end":{"line":282,"column":null}},"153":{"start":{"line":279,"column":62},"end":{"line":282,"column":8}},"154":{"start":{"line":283,"column":6},"end":{"line":283,"column":null}},"155":{"start":{"line":284,"column":4},"end":{"line":289,"column":null}},"156":{"start":{"line":285,"column":6},"end":{"line":288,"column":null}},"157":{"start":{"line":294,"column":2},"end":{"line":297,"column":null}},"158":{"start":{"line":295,"column":4},"end":{"line":295,"column":null}},"159":{"start":{"line":296,"column":4},"end":{"line":296,"column":null}},"160":{"start":{"line":300,"column":2},"end":{"line":304,"column":null}},"161":{"star
[...]
null}},{"start":{"line":156,"column":8},"end":{"line":156,"column":null}},{"start":{"line":157,"column":8},"end":{"line":157,"column":null}},{"start":{"line":158,"column":8},"end":{"line":158,"column":null}},{"start":{"line":159,"column":8},"end":{"line":159,"column":null}},{"start":{"line":160,"column":8},"end":{"line":160,"column":null}}],"line":154},"12":{"loc":{"start":{"line":167,"column":8},"end":{"line":175,"column":null}},"type":"binary-expr","locations":[{"start":{"line":167,"column":8},"end":{"line":167,"column":null}},{"start":{"line":168,"column":8},"end":{"line":168,"column":null}},{"start":{"line":169,"column":8},"end":{"line":169,"column":null}},{"start":{"line":170,"column":8},"end":{"line":170,"column":null}},{"start":{"line":171,"column":8},"end":{"line":171,"column":null}},{"start":{"line":172,"column":8},"end":{"line":172,"column":null}},{"start":{"line":173,"column":8},"end":{"line":173,"column":null}},{"start":{"line":174,"column":8},"end":{"line":174,"column":null}},{"start":{"line":175,"column":8},"end":{"line":175,"column":null}}],"line":167},"13":{"loc":{"start":{"line":182,"column":8},"end":{"line":184,"column":null}},"type":"binary-expr","locations":[{"start":{"line":182,"column":8},"end":{"line":182,"column":null}},{"start":{"line":183,"column":8},"end":{"line":183,"column":null}},{"start":{"line":184,"column":8},"end":{"line":184,"column":null}}],"line":182},"14":{"loc":{"start":{"line":191,"column":8},"end":{"line":196,"column":null}},"type":"binary-expr","locations":[{"start":{"line":191,"column":8},"end":{"line":191,"column":null}},{"start":{"line":192,"column":8},"end":{"line":192,"column":null}},{"start":{"line":193,"column":8},"end":{"line":193,"column":null}},{"start":{"line":194,"column":8},"end":{"line":194,"column":null}},{"start":{"line":195,"column":8},"end":{"line":195,"column":null}},{"start":{"line":196,"column":8},"end":{"line":196,"column":null}}],"line":191},"15":{"loc":{"start":{"line":203,"column":8},"end":{"line":211,"column":null}},"type":"binary-expr","locations":[{"start":{"line":203,"column":8},"end":{"line":203,"column":null}},{"start":{"line":204,"column":8},"end":{"line":204,"column":null}},{"start":{"line":205,"column":8},"end":{"line":205,"column":null}},{"start":{"line":206,"column":8},"end":{"line":206,"column":null}},{"start":{"line":207,"column":8},"end":{"line":207,"column":null}},{"start":{"line":208,"column":8},"end":{"line":208,"column":null}},{"start":{"line":209,"column":8},"end":{"line":209,"column":null}},{"start":{"line":210,"column":8},"end":{"line":210,"column":null}},{"start":{"line":211,"column":8},"end":{"line":211,"column":null}}],"line":203}},"s":{"0":0,"1":0,"2":0,"3":0,"4":0,"5":0,"6":0,"7":0,"8":0,"9":0,"10":0,"11":0,"12":0,"13":0,"14":0,"15":0,"16":0,"17":0,"18":0,"19":0,"20":0,"21":0,"22":0,"23":0,"24":0,"25":0,"26":0,"27":0,"28":0,"29":0},"f":{"0":0,"1":0,"2":0,"3":0,"4":0,"5":0,"6":0,"7":0},"b":{"0":[0,0,0,0,0,0,0,0],"1":[0,0],"2":[0,0],"3":[0,0],"4":[0,0],"5":[0,0],"6":[0,0],"7":[0,0],"8":[0,0],"9":[0,0,0,0,0,0,0],"10":[0,0,0,0,0,0,0],"11":[0,0,0,0,0,0,0],"12":[0,0,0,0,0,0,0,0,0],"13":[0,0,0],"14":[0,0,0,0,0,0],"15":[0,0,0,0,0,0,0,0,0]},"meta":{"lastBranch":16,"lastFunction":8,"lastStatement":30,"seen":{"f:84:16:84:30":0,"s:85:2:85:Infinity":0,"f:88:16:88:23":1,"s:89:2:89:Infinity":1,"f:92:16:92:28":2,"s:93:2:93:Infinity":2,"f:96:16:96:23":3,"s:97:2:97:Infinity":3,"f:100:16:100:23":4,"s:101:2:101:Infinity":4,"f:104:16:104:23":5,"s:105:2:105:Infinity":5,"f:113:16:113:29":6,"s:114:2:122:Infinity":6,"b:115:4:115:Infinity:116:4:116:Infinity:117:4:117:Infinity:118:4:118:Infinity:119:4:119:Infinity:120:4:120:Infinity:121:4:121:Infinity:122:4:122:Infinity":0,"f:126:16:126:35":7,"b:127:2:127:Infinity:undefined:undefined:undefined:undefined":1,"s:127:2:127:Infinity":7,"b:127:6:127:33:127:33:127:47":2,"s:127:47:127:Infinity":8,"s:129:15:129:Infinity":9,"b:132:2:132:Infinity:undefined:undefined:undefined:undefined":3,"s:132:2:132:Infinity":10,"b:132:6:132:18:132:18:132:47":4,"s:132:47:132:Infinity":11,"b:133:2:133:Infinity:undefined:undefined:undefined:undefined":5,"s:133:2:133:Infinity":12,"b:133:6:133:20:133:20:133:51":6,"s:133:51:133:Infinity":13,"b:134:2:134:Infinity:undefined:undefined:undefined:undefined":7,"s:134:2:134:Infinity":14,"b:134:6:134:42:134:42:134:60":8,"s:134:60:134:Infinity":15,"b:138:4:149:Infinity:151:4:162:Infinity:164:4:177:Infinity:179:4:186:Infinity:188:4:198:Infinity:200:4:213:Infinity:215:4:216:Infinity":9,"s:137:2:217:Infinity":16,"s:139:16:139:Infinity":17,"s:140:6:147:Infinity":18,"b:141:8:141:Infinity:142:8:142:Infinity:143:8:143:Infinity:144:8:144:Infinity:145:8:145:Infinity:146:8:146:Infinity:147:8:147:Infinity":10,"s:152:16:152:Infinity":19,"s:153:6:160:Infinity":20,"b:154:8:154:Infinity:155:8:155:Infinity:156:8:156:Infinity:157:8:157:Infinity:158:8:158:Infinity:159:8:159:Infinity:160:8:160:Infinity":11,"s:165:16:165:Infinity":21,"s:166:6:175:Infinity":22,"b:167:8:167:Infinity:168:8:168:Infinity:169:8:169:Infinity:170:8:170:Infinity:171:8:171:Infinity:172:8:172:Infinity:173:8:173:Infinity:174:8:174:Infinity:175:8:175:Infinity":12,"s:180:16:180:Infinity":23,"s:181:6:184:Infinity":24,"b:182:8:182:Infinity:183:8:183:Infinity:184:8:184:Infinity":13,"s:189:16:189:Infinity":25,"s:190:6:196:Infinity":26,"b:191:8:191:Infinity:192:8:192:Infinity:193:8:193:Infinity:194:8:194:Infinity:195:8:195:Infinity:196:8:196:Infinity":14,"s:201:16:201:Infinity":27,"s:202:6:211:Infinity":28,"b:203:8:203:Infinity:204:8:204:Infinity:205:8:205:Infinity:206:8:206:Infinity:207:8:207:Infinity:208:8:208:Infinity:209:8:209:Infinity:210:8:210:Infinity:211:8:211:Infinity":15,"s:216:6:216:Infinity":29}}}
,"/Users/bensutherland/projects/WebDeveloperBen/pdf-render-draw/app/utils/bounds.ts": {"path":"/Users/bensutherland/projects/WebDeveloperBen/pdf-render-draw/app/utils/bounds.ts","statementMap":{"0":{"start":{"line":23,"column":2},"end":{"line":30,"column":null}},"1":{"start":{"line":24,"column":4},"end":{"line":29,"column":null}},"2":{"start":{"line":33,"column":2},"end":{"line":47,"column":null}},"3":{"start":{"line":34,"column":15},"end":{"line":34,"column":null}},"4":{"start":{"line":34,"column":51},"end":{"line":34,"column":54}},"5":{"start":{"line":35,"column":15},"end":{"line":35,"column":null}},"6":{"start":{"line":35,"column":51},"end":{"line":35,"column":54}},"7":{"start":{"line":36,"column":17},"end":{"line":36,"column":null}},"8":{"start":{"line":37,"column":17},"end":{"line":37,"column":null}},"9":{"start":{"line":38,"column":17},"end":{"line":38,"column":null}},"10":{"start":{"line":39,"column":17},"end":{"line":39,"column":null}},"11":{"start":{"line":41,"column":4},"end":{"line":46,"column":null}},"12":{"start":{"line":49,"column":2},"end":{"line":49,"column":null}},"13":{"start":{"line":59,"column":2},"end":{"line":63,"column":null}}},"fnMap":{"0":{"name":"calculateBounds","decl":{"start":{"line":21,"column":16},"end":{"line":21,"column":32}},"loc":{"start":{"line":21,"column":71},"end":{"line":50,"column":null}},"line":21},"1":{"name":"(anonymous_1)","decl":{"start":{"line":34,"column":37},"end":{"line":34,"column":38}},"loc":{"start":{"line":34,"column":51},"end":{"line":34,"column":54}},"line":34},"2":{"name":"(anonymous_2)","decl":{"start":{"line":35,"column":37},"end":{"line":35,"column":38}},"loc":{"start":{"line":35,"column":51},"end":{"line":35,"column":54}},"line":35},"3":{"name":"boundsIntersect","decl":{"start":{"line":58,"column":16},"end":{"line":58,"column":32}},"loc":{"start":{"line":58,"column":63},"end":{"line":65,"column":null}},"line":58}},"branchMap":{"0":{"loc":{"start":{"line":23,"column":2},"end":{"line":30,"column":null}},"type":"if","locations":[{"start":{"line":23,"column":2},"end":{"line":30,"column":null}},{"start":{},"end":{}}],"line":23},"1":{"loc":{"start":{"line":23,"column":6},"end":{"line":23,"column":97}},"type":"binary-expr","locations":[{"start":{"line":23,"column":6},"end":{"line":23,"column":27}},{"start":{"line":23,"column":27},"end":{"line":23,"column":48}},{"start":{"line":23,"column":48},"end":{"line":23,"column":73}},{"start":{"line":23,"column":73},"end":{"line":23,"column":97}}],"line":23},"2":{"loc":{"start":{"line":33,"column":2},"end":{"line":47,"column":null}},"type":"if","locations":[{"start":{"line":33,"column":2},"end":{"line":47,"column":null}},{"start":{},"end":{}}],"line":33},"3":{"loc":{"start":{"line":33,"column":6},"end":{"line":33,"column":98}},"type":"binary-expr","locations":[{"start":{"line":33,"column":6},"end":{"line":33,"column":32}},{"start":{"line":33,"column":32},"end":{"line":33,"column":68}},{"start":{"line":33,"column":68},"end":{"line":33,"column":98}}],"line":33},"4":{"loc":{"start":{"line":60,"column":4},"end":{"line":63,"column":null}},"type":"binary-expr","locations":[{"start":{"line":60,"column":4},"end":{"line":60,"column":null}},{"start":{"line":61,"column":4},"end":{"line":61,"column":null}},{"start":{"line":62,"column":4},"end":{"line":62,"column":null}},{"start":{"line":63,"column":4},"end":{"line":63,"column":null}}],"line":60}},"s":{"0":0,"1":0,"2":0,"3":0,"4":0,"5":0,"6":0,"7":0,"8":0,"9":0,"10":0,"11":0,"12":0,"13":0},"f":{"0":0,"1":0,"2":0,"3":0},"b":{"0":[0,0],"1":[0,0,0,0],"2":[0,0],"3":[0,0,0],"4":[0,0,0,0]},"meta":{"lastBranch":5,"lastFunction":4,"lastStatement":14,"seen":{"f:21:16:21:32":0,"b:23:2:30:Infinity:undefined:undefined:undefined:undefined":0,"s:23:2:30:Infinity":0,"b:23:6:23:27:23:27:23:48:23:48:23:73:23:73:23:97":1,"s:24:4:29:Infinity":1,"b:33:2:47:Infinity:undefined:undefined:undefined:undefined":2,"s:33:2:47:Infinity":2,"b:33:6:33:32:33:32:33:68:33:68:33:98":3,"s:34:15:34:Infinity":3,"f:34:37:34:38":1,"s:34:51:34:54":4,"s:35:15:35:Infinity":5,"f:35:37:35:38":2,"s:35:51:35:54":6,"s:36:17:36:Infinity":7,"s:37:17:37:Infinity":8,"s:38:17:38:Infinity":9,"s:39:17:39:Infinity":10,"s:41:4:46:Infinity":11,"s:49:2:49:Infinity":12,"f:58:16:58:32":3,"s:59:2:63:Infinity":13,"b:60:4:60:Infinity:61:4:61:Infinity:62:4:62:Infinity:63:4:63:Infinity":4}}}
,"/Users/bensutherland/projects/WebDeveloperBen/pdf-render-draw/app/utils/calculations.ts": {"path":"/Users/bensutherland/projects/WebDeveloperBen/pdf-render-draw/app/utils/calculations.ts","statementMap":{"0":{"start":{"line":30,"column":27},"end":{"line":33,"column":null}},"1":{"start":{"line":36,"column":24},"end":{"line":36,"column":null}},"2":{"start":{"line":39,"column":16},"end":{"line":39,"column":null}},"3":{"start":{"line":40,"column":28},"end":{"line":40,"column":null}},"4":{"start":{"line":42,"column":2},"end":{"line":42,"column":null}},"5":{"start":{"line":68,"column":13},"end":{"line":68,"column":null}},"6":{"start":{"line":69,"column":16},"end":{"line":69,"column":null}},"7":{"start":{"line":70,"column":21},"end":{"line":70,"column":null}},"8":{"start":{"line":72,"column":2},"end":{"line":82,"column":null}},"9":{"start":{"line":72,"column":15},"end":{"line":72,"column":18}},"10":{"start":{"line":73,"column":10},"end":{"line":73,"column":null}},"11":{"start":{"line":76,"column":15},"end":{"line":76,"column":null}},"12":{"start":{"line":77,"column":15},"end":{"line":77,"column":null}},"13":{"start":{"line":78,"column":15},"end":{"line":78,"column":null}},"14":{"start":{"line":79,"column":15},"end":{"line":79,"column":null}},"15":{"start":{"line":81,"column":4},"end":{"line":81,"column":null}},"16":{"start":{"line":85,"column":19},"end":{"line":85,"column":null}},"17":{"start":{"line":86,"column":2},"end":{"line":86,"column":null}},"18":{"start":{"line":106,"column":14},"end":{"line":109,"column":null}},"19":{"start":{"line":107,"column":21},"end":{"line":107,"column":null}},"20":{"start":{"line":111,"column":2},"end":{"line":114,"column":null}},"21":{"start":{"line":132,"column":2},"end":{"line":135,"column":null}},"22":{"start":{"line":153,"column":2},"end":{"line":156,"column":null}},"23":{"start":{"line":176,"column":16},"end":{"line":176,"column":null}},"24":{"start":{"line":177,"column":2},"end":{"line":177,"column":null}}},"fnMap":{"0":{"name":"calculateDistance","decl":{"start":{"line":23,"column":16},"end":{"line":23,"column":null}},"loc":{"start":{"line":28,"column":10},"end":{"line":43,"column":null}},"line":28},"1":{"name":"calculatePolygonArea","decl":{"start":{"line":63,"column":16},"end":{"line":63,"column":null}},"loc":{"start":{"line":67,"column":10},"end":{"line":87,"column":null}},"line":67},"2":{"name":"calculateCentroid","decl":{"start":{"line":105,"column":16},"end":{"line":105,"column":34}},"loc":{"start":{"line":105,"column":58},"end":{"line":115,"column":null}},"line":105},"3":{"name":"(anonymous_3)","decl":{"start":{"line":107,"column":4},"end":{"line":107,"column":5}},"loc":{"start":{"line":107,"column":21},"end":{"line":107,"column":null}},"line":107},"4":{"name":"calculateMidpoint","decl":{"start":{"line":131,"column":16},"end":{"line":131,"column":34}},"loc":{"start":{"line":131,"column":71},"end":{"line":136,"column":null}},"line":131},"5":{"name":"distance","decl":{"start":{"line":152,"column":16},"end":{"line":152,"column":25}},"loc":{"start":{"line":152,"column":63},"end":{"line":157,"column":null}},"line":152},"6":{"name":"parsePdfPageScale","decl":{"start":{"line":175,"column":16},"end":{"line":175,"column":34}},"loc":{"start":{"line":175,"column":63},"end":{"line":178,"column":null}},"line":175}},"branchMap":{"0":{"loc":{"start":{"line":27,"column":2},"end":{"line":27,"column":null}},"type":"default-arg","locations":[{"start":{"line":27,"column":16},"end":{"line":27,"column":null}}],"line":27},"1":{"loc":{"start":{"line":66,"column":2},"end":{"line":66,"column":null}},"type":"default-arg","locations":[{"start":{"line":66,"column":16},"end":{"line":66,"column":null}}],"line":66},"2":{"loc":{"start":{"line":177,"column":9},"end":{"line":177,"column":null}},"type":"cond-expr","locations":[{"start":{"line":177,"column":17},"end":{"line":177,"column":38}},{"start":{"line":177,"column":38},"end":{"line":177,"column":null}}],"line":177}},"s":{"0":0,"1":0,"2":0,"3":0,"4":0,"5":0,"6":0,"7":0,"8":0,"9":0,"10":0,"11":0,"12":0,"13":0,"14":0,"15":0,"16":0,"17":0,"18":0,"19":0,"20":0,"21":0,"22":0,"23":0,"24":0},"f":{"0":0,"1":0,"2":0,"3":0,"4":0,"5":0,"6":0},"b":{"0":[0],"1":[0],"2":[0,0]},"meta":{"lastBranch":3,"lastFunction":7,"lastStatement":25,"seen":{"f:23:16:23:Infinity":0,"b:27:16:27:Infinity":0,"s:30:27:33:Infinity":0,"s:36:24:36:Infinity":1,"s:39:16:39:Infinity":2,"s:40:28:40:Infinity":3,"s:42:2:42:Infinity":4,"f:63:16:63:Infinity":1,"b:66:16:66:Infinity":1,"s:68:13:68:Infinity":5,"s:69:16:69:Infinity":6,"s:70:21:70:Infinity":7,"s:72:2:82:Infinity":8,"s:72:15:72:18":9,"s:73:10:73:Infinity":10,"s:76:15:76:Infinity":11,"s:77:15:77:Infinity":12,"s:78:15:78:Infinity":13,"s:79:15:79:Infinity":14,"s:81:4:81:Infinity":15,"s:85:19:85:Infinity":16,"s:86:2:86:Infinity":17,"f:105:16:105:34":2,"s:106:14:109:Infinity":18,"f:107:4:107:5":3,"s:107:21:107:Infinity":19,"s:111:2:114:Infinity":20,"f:131:16:131:34":4,"s:132:2:135:Infinity":21,"f:152:16:152:25":5,"s:153:2:156:Infinity":22,"f:175:16:175:34":6,"s:176:16:176:Infinity":23,"s:177:2:177:Infinity":24,"b:177:17:177:38:177:38:177:Infinity":2}}}
,"/Users/bensutherland/projects/WebDeveloperBen/pdf-render-draw/app/utils/debug.ts": {"path":"/Users/bensutherland/projects/WebDeveloperBen/pdf-render-draw/app/utils/debug.ts","statementMap":{"0":{"start":{"line":6,"column":21},"end":{"line":6,"column":null}},"1":{"start":{"line":9,"column":2},"end":{"line":11,"column":null}},"2":{"start":{"line":10,"column":4},"end":{"line":10,"column":null}},"3":{"start":{"line":15,"column":2},"end":{"line":17,"column":null}},"4":{"start":{"line":16,"column":4},"end":{"line":16,"column":null}},"5":{"start":{"line":21,"column":2},"end":{"line":23,"column":null}},"6":{"start":{"line":22,"column":4},"end":{"line":22,"column":null}}},"fnMap":{"0":{"name":"debugLog","decl":{"start":{"line":8,"column":16},"end":{"line":8,"column":25}},"loc":{"start":{"line":8,"column":62},"end":{"line":12,"column":null}},"line":8},"1":{"name":"debugWarn","decl":{"start":{"line":14,"column":16},"end":{"line":14,"column":26}},"loc":{"start":{"line":14,"column":63},"end":{"line":18,"column":null}},"line":14},"2":{"name":"debugError","decl":{"start":{"line":20,"column":16},"end":{"line":20,"column":27}},"loc":{"start":{"line":20,"column":64},"end":{"line":24,"column":null}},"line":20}},"branchMap":{"0":{"loc":{"start":{"line":9,"column":2},"end":{"line":11,"column":null}},"type":"if","locations":[{"start":{"line":9,"column":2},"end":{"line":11,"column":null}},{"start":{},"end":{}}],"line":9},"1":{"loc":{"start":{"line":15,"column":2},"end":{"line":17,"column":null}},"type":"if","locations":[{"start":{"line":15,"column":2},"end":{"line":17,"column":null}},{"start":{},"end":{}}],"line":15},"2":{"loc":{"start":{"line":21,"column":2},"end":{"line":23,"column":null}},"type":"if","locations":[{"start":{"line":21,"column":2},"end":{"line":23,"column":null}},{"start":{},"end":{}}],"line":21}},"s":{"0":1,"1":0,"2":0,"3":0,"4":0,"5":0,"6":0},"f":{"0":0,"1":0,"2":0},"b":{"0":[0,0],"1":[0,0],"2":[0,0]},"meta":{"lastBranch":3,"lastFunction":3,"lastStatement":7,"seen":{"s:6:21:6:Infinity":0,"f:8:16:8:25":0,"b:9:2:11:Infinity:undefined:undefined:undefined:undefined":0,"s:9:2:11:Infinity":1,"s:10:4:10:Infinity":2,"f:14:16:14:26":1,"b:15:2:17:Infinity:undefined:undefined:undefined:undefined":1,"s:15:2:17:Infinity":3,"s:16:4:16:Infinity":4,"f:20:16:20:27":2,"b:21:2:23:Infinity:undefined:undefined:undefined:undefined":2,"s:21:2:23:Infinity":5,"s:22:4:22:Infinity":6}}}
,"/Users/bensutherland/projects/WebDeveloperBen/pdf-render-draw/test/setup.ts": {"path":"/Users/bensutherland/projects/WebDeveloperBen/pdf-render-draw/test/setup.ts","statementMap":{"0":{"start":{"line":5,"column":0},"end":{"line":9,"column":null}},"1":{"start":{"line":12,"column":0},"end":{"line":18,"column":null}},"2":{"start":{"line":13,"column":2},"end":{"line":17,"column":null}},"3":{"start":{"line":21,"column":0},"end":{"line":33,"column":null}},"4":{"start":{"line":23,"column":56},"end":{"line":32,"column":4}}},"fnMap":{"0":{"name":"(anonymous_0)","decl":{"start":{"line":6,"column":2},"end":{"line":6,"column":12}},"loc":{"start":{"line":6,"column":12},"end":{"line":6,"column":null}},"line":6},"1":{"name":"(anonymous_1)","decl":{"start":{"line":7,"column":2},"end":{"line":7,"column":14}},"loc":{"start":{"line":7,"column":14},"end":{"line":7,"column":null}},"line":7},"2":{"name":"(anonymous_2)","decl":{"start":{"line":8,"column":2},"end":{"line":8,"column":15}},"loc":{"start":{"line":8,"column":15},"end":{"line":8,"column":null}},"line":8},"3":{"name":"(anonymous_3)","decl":{"start":{"line":14,"column":4},"end":{"line":14,"column":14}},"loc":{"start":{"line":14,"column":14},"end":{"line":14,"column":null}},"line":14},"4":{"name":"(anonymous_4)","decl":{"start":{"line":15,"column":4},"end":{"line":15,"column":16}},"loc":{"start":{"line":15,"column":16},"end":{"line":15,"column":null}},"line":15},"5":{"name":"(anonymous_5)","decl":{"start":{"line":16,"column":4},"end":{"line":16,"column":17}},"loc":{"start":{"line":16,"column":17},"end":{"line":16,"column":null}},"line":16},"6":{"name":"(anonymous_6)","decl":{"start":{"line":23,"column":36},"end":{"line":23,"column":37}},"loc":{"start":{"line":23,"column":56},"end":{"line":32,"column":4}},"line":23}},"branchMap":{"0":{"loc":{"start":{"line":12,"column":0},"end":{"line":18,"column":null}},"type":"if","locations":[{"start":{"line":12,"column":0},"end":{"line":18,"column":null}},{"start":{},"end":{}}],"line":12}},"s":{"0":1,"1":1,"2":0,"3":1,"4":0},"f":{"0":0,"1":0,"2":0,"3":0,"4":0,"5":0,"6":0},"b":{"0":[0,1]},"meta":{"lastBranch":1,"lastFunction":7,"lastStatement":5,"seen":{"s:5:0:9:Infinity":0,"f:6:2:6:12":0,"f:7:2:7:14":1,"f:8:2:8:15":2,"b:12:0:18:Infinity:undefined:undefined:undefined:undefined":0,"s:12:0:18:Infinity":1,"s:13:2:17:Infinity":2,"f:14:4:14:14":3,"f:15:4:15:16":4,"f:16:4:16:17":5,"s:21:0:33:Infinity":3,"f:23:36:23:37":6,"s:23:56:32:4":4}}}
}
